{"/mnt/c/Users/stani/OneDrive/Desktop/Turing College/Module 3/Sprint 2/Part-5/Discord-Bot-REST-API/discordBot/discordBot.js": {"path":"/mnt/c/Users/stani/OneDrive/Desktop/Turing College/Module 3/Sprint 2/Part-5/Discord-Bot-REST-API/discordBot/discordBot.js","all":false,"statementMap":{"0":{"start":{"line":1,"column":0},"end":{"line":1,"column":23}},"1":{"start":{"line":2,"column":0},"end":{"line":2,"column":55}},"2":{"start":{"line":3,"column":0},"end":{"line":3,"column":65}},"3":{"start":{"line":4,"column":0},"end":{"line":4,"column":0}},"4":{"start":{"line":5,"column":0},"end":{"line":5,"column":27}},"5":{"start":{"line":6,"column":0},"end":{"line":6,"column":12}},"6":{"start":{"line":7,"column":0},"end":{"line":7,"column":29}},"7":{"start":{"line":8,"column":0},"end":{"line":8,"column":36}},"8":{"start":{"line":9,"column":0},"end":{"line":9,"column":37}},"9":{"start":{"line":10,"column":0},"end":{"line":10,"column":4}},"10":{"start":{"line":11,"column":0},"end":{"line":11,"column":3}},"11":{"start":{"line":12,"column":0},"end":{"line":12,"column":0}},"12":{"start":{"line":13,"column":0},"end":{"line":13,"column":26}},"13":{"start":{"line":14,"column":0},"end":{"line":14,"column":30}},"14":{"start":{"line":15,"column":0},"end":{"line":15,"column":3}},"15":{"start":{"line":16,"column":0},"end":{"line":16,"column":0}},"16":{"start":{"line":17,"column":0},"end":{"line":17,"column":68}},"17":{"start":{"line":18,"column":0},"end":{"line":18,"column":7}},"18":{"start":{"line":19,"column":0},"end":{"line":19,"column":57}},"19":{"start":{"line":20,"column":0},"end":{"line":20,"column":18}},"20":{"start":{"line":21,"column":0},"end":{"line":21,"column":39}},"21":{"start":{"line":22,"column":0},"end":{"line":22,"column":30}},"22":{"start":{"line":23,"column":0},"end":{"line":23,"column":30}},"23":{"start":{"line":24,"column":0},"end":{"line":24,"column":18}},"24":{"start":{"line":25,"column":0},"end":{"line":25,"column":12}},"25":{"start":{"line":26,"column":0},"end":{"line":26,"column":41}},"26":{"start":{"line":27,"column":0},"end":{"line":27,"column":19}},"27":{"start":{"line":28,"column":0},"end":{"line":28,"column":5}},"28":{"start":{"line":29,"column":0},"end":{"line":29,"column":19}},"29":{"start":{"line":30,"column":0},"end":{"line":30,"column":66}},"30":{"start":{"line":31,"column":0},"end":{"line":31,"column":17}},"31":{"start":{"line":32,"column":0},"end":{"line":32,"column":3}},"32":{"start":{"line":33,"column":0},"end":{"line":33,"column":2}},"33":{"start":{"line":34,"column":0},"end":{"line":34,"column":0}},"34":{"start":{"line":35,"column":0},"end":{"line":35,"column":41}}},"s":{"0":1,"1":1,"2":1,"3":1,"4":1,"5":1,"6":1,"7":1,"8":1,"9":1,"10":1,"11":1,"12":1,"13":5,"14":1,"15":1,"16":1,"17":2,"18":2,"19":2,"20":0,"21":0,"22":0,"23":0,"24":1,"25":1,"26":1,"27":1,"28":2,"29":1,"30":1,"31":1,"32":2,"33":1,"34":1},"branchMap":{"0":{"type":"branch","line":13,"loc":{"start":{"line":13,"column":19},"end":{"line":15,"column":2}},"locations":[{"start":{"line":13,"column":19},"end":{"line":15,"column":2}}]},"1":{"type":"branch","line":17,"loc":{"start":{"line":17,"column":41},"end":{"line":33,"column":2}},"locations":[{"start":{"line":17,"column":41},"end":{"line":33,"column":2}}]},"2":{"type":"branch","line":20,"loc":{"start":{"line":20,"column":17},"end":{"line":28,"column":5}},"locations":[{"start":{"line":20,"column":17},"end":{"line":28,"column":5}}]},"3":{"type":"branch","line":20,"loc":{"start":{"line":20,"column":17},"end":{"line":25,"column":5}},"locations":[{"start":{"line":20,"column":17},"end":{"line":25,"column":5}}]},"4":{"type":"branch","line":29,"loc":{"start":{"line":29,"column":4},"end":{"line":32,"column":3}},"locations":[{"start":{"line":29,"column":4},"end":{"line":32,"column":3}}]}},"b":{"0":[5],"1":[2],"2":[1],"3":[0],"4":[1]},"fnMap":{"0":{"name":"sendCongratulatoryMessage","decl":{"start":{"line":17,"column":41},"end":{"line":33,"column":2}},"loc":{"start":{"line":17,"column":41},"end":{"line":33,"column":2}},"line":17}},"f":{"0":2}}
,"/mnt/c/Users/stani/OneDrive/Desktop/Turing College/Module 3/Sprint 2/Part-5/Discord-Bot-REST-API/src/app.ts": {"path":"/mnt/c/Users/stani/OneDrive/Desktop/Turing College/Module 3/Sprint 2/Part-5/Discord-Bot-REST-API/src/app.ts","all":false,"statementMap":{"0":{"start":{"line":1,"column":0},"end":{"line":1,"column":34}},"1":{"start":{"line":2,"column":0},"end":{"line":2,"column":30}},"2":{"start":{"line":3,"column":0},"end":{"line":3,"column":43}},"3":{"start":{"line":4,"column":0},"end":{"line":4,"column":48}},"4":{"start":{"line":5,"column":0},"end":{"line":5,"column":61}},"5":{"start":{"line":6,"column":0},"end":{"line":6,"column":55}},"6":{"start":{"line":7,"column":0},"end":{"line":7,"column":51}},"7":{"start":{"line":8,"column":0},"end":{"line":8,"column":0}},"8":{"start":{"line":9,"column":0},"end":{"line":9,"column":49}},"9":{"start":{"line":10,"column":0},"end":{"line":10,"column":39}},"10":{"start":{"line":11,"column":0},"end":{"line":11,"column":24}},"11":{"start":{"line":12,"column":0},"end":{"line":12,"column":0}},"12":{"start":{"line":13,"column":0},"end":{"line":13,"column":15}},"13":{"start":{"line":14,"column":0},"end":{"line":14,"column":26}},"14":{"start":{"line":15,"column":0},"end":{"line":15,"column":0}},"15":{"start":{"line":16,"column":0},"end":{"line":16,"column":34}},"16":{"start":{"line":17,"column":0},"end":{"line":17,"column":0}},"17":{"start":{"line":18,"column":0},"end":{"line":18,"column":45}},"18":{"start":{"line":19,"column":0},"end":{"line":19,"column":0}},"19":{"start":{"line":20,"column":0},"end":{"line":20,"column":39}},"20":{"start":{"line":21,"column":0},"end":{"line":21,"column":0}},"21":{"start":{"line":22,"column":0},"end":{"line":22,"column":35}},"22":{"start":{"line":23,"column":0},"end":{"line":23,"column":0}},"23":{"start":{"line":24,"column":0},"end":{"line":24,"column":13}},"24":{"start":{"line":25,"column":0},"end":{"line":25,"column":1}}},"s":{"0":1,"1":1,"2":1,"3":1,"4":1,"5":1,"6":1,"7":1,"8":5,"9":5,"10":5,"11":5,"12":5,"13":5,"14":5,"15":5,"16":5,"17":5,"18":5,"19":5,"20":5,"21":5,"22":5,"23":5,"24":5},"branchMap":{"0":{"type":"branch","line":9,"loc":{"start":{"line":9,"column":0},"end":{"line":25,"column":1}},"locations":[{"start":{"line":9,"column":0},"end":{"line":25,"column":1}}]}},"b":{"0":[5]},"fnMap":{"0":{"name":"createApp","decl":{"start":{"line":9,"column":0},"end":{"line":25,"column":1}},"loc":{"start":{"line":9,"column":0},"end":{"line":25,"column":1}},"line":9}},"f":{"0":5}}
,"/mnt/c/Users/stani/OneDrive/Desktop/Turing College/Module 3/Sprint 2/Part-5/Discord-Bot-REST-API/src/database/migrate/index.ts": {"path":"/mnt/c/Users/stani/OneDrive/Desktop/Turing College/Module 3/Sprint 2/Part-5/Discord-Bot-REST-API/src/database/migrate/index.ts","all":false,"statementMap":{"0":{"start":{"line":1,"column":0},"end":{"line":1,"column":23}},"1":{"start":{"line":2,"column":0},"end":{"line":2,"column":71}},"2":{"start":{"line":3,"column":0},"end":{"line":3,"column":0}},"3":{"start":{"line":4,"column":0},"end":{"line":4,"column":38}},"4":{"start":{"line":5,"column":0},"end":{"line":5,"column":30}},"5":{"start":{"line":6,"column":0},"end":{"line":6,"column":17}},"6":{"start":{"line":7,"column":0},"end":{"line":7,"column":3}},"7":{"start":{"line":8,"column":0},"end":{"line":8,"column":50}},"8":{"start":{"line":9,"column":0},"end":{"line":9,"column":0}},"9":{"start":{"line":10,"column":0},"end":{"line":10,"column":36}},"10":{"start":{"line":11,"column":0},"end":{"line":11,"column":1}},"11":{"start":{"line":12,"column":0},"end":{"line":12,"column":0}},"12":{"start":{"line":13,"column":0},"end":{"line":13,"column":2}},"13":{"start":{"line":14,"column":0},"end":{"line":14,"column":65}},"14":{"start":{"line":15,"column":0},"end":{"line":15,"column":216}},"15":{"start":{"line":16,"column":0},"end":{"line":16,"column":100}},"16":{"start":{"line":17,"column":0},"end":{"line":17,"column":2}}},"s":{"0":1,"1":1,"2":1,"3":26,"4":26,"5":26,"6":26,"7":26,"8":26,"9":26,"10":26,"11":1,"12":1,"13":1,"14":1,"15":1,"16":1},"branchMap":{"0":{"type":"branch","line":4,"loc":{"start":{"line":4,"column":0},"end":{"line":11,"column":1}},"locations":[{"start":{"line":4,"column":0},"end":{"line":11,"column":1}}]}},"b":{"0":[26]},"fnMap":{"0":{"name":"migrateToLatest","decl":{"start":{"line":4,"column":0},"end":{"line":11,"column":1}},"loc":{"start":{"line":4,"column":0},"end":{"line":11,"column":1}},"line":4}},"f":{"0":26}}
,"/mnt/c/Users/stani/OneDrive/Desktop/Turing College/Module 3/Sprint 2/Part-5/Discord-Bot-REST-API/src/database/migrations/20231101093940-createInitialTables.ts": {"path":"/mnt/c/Users/stani/OneDrive/Desktop/Turing College/Module 3/Sprint 2/Part-5/Discord-Bot-REST-API/src/database/migrations/20231101093940-createInitialTables.ts","all":false,"statementMap":{"0":{"start":{"line":1,"column":0},"end":{"line":1,"column":48}},"1":{"start":{"line":2,"column":0},"end":{"line":2,"column":0}},"2":{"start":{"line":3,"column":0},"end":{"line":3,"column":54}},"3":{"start":{"line":4,"column":0},"end":{"line":4,"column":17}},"4":{"start":{"line":5,"column":0},"end":{"line":5,"column":25}},"5":{"start":{"line":6,"column":0},"end":{"line":6,"column":18}},"6":{"start":{"line":7,"column":0},"end":{"line":7,"column":80}},"7":{"start":{"line":8,"column":0},"end":{"line":8,"column":54}},"8":{"start":{"line":9,"column":0},"end":{"line":9,"column":15}},"9":{"start":{"line":10,"column":0},"end":{"line":10,"column":0}},"10":{"start":{"line":11,"column":0},"end":{"line":11,"column":17}},"11":{"start":{"line":12,"column":0},"end":{"line":12,"column":24}},"12":{"start":{"line":13,"column":0},"end":{"line":13,"column":18}},"13":{"start":{"line":14,"column":0},"end":{"line":14,"column":80}},"14":{"start":{"line":15,"column":0},"end":{"line":15,"column":53}},"15":{"start":{"line":16,"column":0},"end":{"line":16,"column":15}},"16":{"start":{"line":17,"column":0},"end":{"line":17,"column":0}},"17":{"start":{"line":18,"column":0},"end":{"line":18,"column":17}},"18":{"start":{"line":19,"column":0},"end":{"line":19,"column":37}},"19":{"start":{"line":20,"column":0},"end":{"line":20,"column":18}},"20":{"start":{"line":21,"column":0},"end":{"line":21,"column":80}},"21":{"start":{"line":22,"column":0},"end":{"line":22,"column":54}},"22":{"start":{"line":23,"column":0},"end":{"line":23,"column":15}},"23":{"start":{"line":24,"column":0},"end":{"line":24,"column":0}},"24":{"start":{"line":25,"column":0},"end":{"line":25,"column":17}},"25":{"start":{"line":26,"column":0},"end":{"line":26,"column":43}},"26":{"start":{"line":27,"column":0},"end":{"line":27,"column":18}},"27":{"start":{"line":28,"column":0},"end":{"line":28,"column":80}},"28":{"start":{"line":29,"column":0},"end":{"line":29,"column":43}},"29":{"start":{"line":30,"column":0},"end":{"line":30,"column":60}},"30":{"start":{"line":31,"column":0},"end":{"line":31,"column":5}},"31":{"start":{"line":32,"column":0},"end":{"line":32,"column":45}},"32":{"start":{"line":33,"column":0},"end":{"line":33,"column":62}},"33":{"start":{"line":34,"column":0},"end":{"line":34,"column":5}},"34":{"start":{"line":35,"column":0},"end":{"line":35,"column":55}},"35":{"start":{"line":36,"column":0},"end":{"line":36,"column":72}},"36":{"start":{"line":37,"column":0},"end":{"line":37,"column":5}},"37":{"start":{"line":38,"column":0},"end":{"line":38,"column":42}},"38":{"start":{"line":39,"column":0},"end":{"line":39,"column":59}},"39":{"start":{"line":40,"column":0},"end":{"line":40,"column":5}},"40":{"start":{"line":41,"column":0},"end":{"line":41,"column":59}},"41":{"start":{"line":42,"column":0},"end":{"line":42,"column":15}},"42":{"start":{"line":43,"column":0},"end":{"line":43,"column":0}},"43":{"start":{"line":44,"column":0},"end":{"line":44,"column":17}},"44":{"start":{"line":45,"column":0},"end":{"line":45,"column":27}},"45":{"start":{"line":46,"column":0},"end":{"line":46,"column":18}},"46":{"start":{"line":47,"column":0},"end":{"line":47,"column":80}},"47":{"start":{"line":48,"column":0},"end":{"line":48,"column":58}},"48":{"start":{"line":49,"column":0},"end":{"line":49,"column":15}},"49":{"start":{"line":50,"column":0},"end":{"line":50,"column":1}}},"s":{"0":1,"1":1,"2":26,"3":26,"4":26,"5":26,"6":26,"7":26,"8":26,"9":26,"10":26,"11":26,"12":26,"13":26,"14":26,"15":26,"16":26,"17":26,"18":26,"19":26,"20":26,"21":26,"22":26,"23":26,"24":26,"25":26,"26":26,"27":26,"28":26,"29":26,"30":26,"31":26,"32":26,"33":26,"34":26,"35":26,"36":26,"37":26,"38":26,"39":26,"40":26,"41":26,"42":26,"43":26,"44":26,"45":26,"46":26,"47":26,"48":26,"49":26},"branchMap":{"0":{"type":"branch","line":3,"loc":{"start":{"line":3,"column":0},"end":{"line":50,"column":1}},"locations":[{"start":{"line":3,"column":0},"end":{"line":50,"column":1}}]},"1":{"type":"branch","line":7,"loc":{"start":{"line":7,"column":32},"end":{"line":7,"column":79}},"locations":[{"start":{"line":7,"column":32},"end":{"line":7,"column":79}}]},"2":{"type":"branch","line":8,"loc":{"start":{"line":8,"column":35},"end":{"line":8,"column":53}},"locations":[{"start":{"line":8,"column":35},"end":{"line":8,"column":53}}]},"3":{"type":"branch","line":14,"loc":{"start":{"line":14,"column":32},"end":{"line":14,"column":79}},"locations":[{"start":{"line":14,"column":32},"end":{"line":14,"column":79}}]},"4":{"type":"branch","line":15,"loc":{"start":{"line":15,"column":34},"end":{"line":15,"column":52}},"locations":[{"start":{"line":15,"column":34},"end":{"line":15,"column":52}}]},"5":{"type":"branch","line":21,"loc":{"start":{"line":21,"column":32},"end":{"line":21,"column":79}},"locations":[{"start":{"line":21,"column":32},"end":{"line":21,"column":79}}]},"6":{"type":"branch","line":22,"loc":{"start":{"line":22,"column":35},"end":{"line":22,"column":53}},"locations":[{"start":{"line":22,"column":35},"end":{"line":22,"column":53}}]},"7":{"type":"branch","line":28,"loc":{"start":{"line":28,"column":32},"end":{"line":28,"column":79}},"locations":[{"start":{"line":28,"column":32},"end":{"line":28,"column":79}}]},"8":{"type":"branch","line":29,"loc":{"start":{"line":29,"column":37},"end":{"line":30,"column":60}},"locations":[{"start":{"line":29,"column":37},"end":{"line":30,"column":60}}]},"9":{"type":"branch","line":32,"loc":{"start":{"line":32,"column":39},"end":{"line":33,"column":62}},"locations":[{"start":{"line":32,"column":39},"end":{"line":33,"column":62}}]},"10":{"type":"branch","line":35,"loc":{"start":{"line":35,"column":49},"end":{"line":36,"column":72}},"locations":[{"start":{"line":35,"column":49},"end":{"line":36,"column":72}}]},"11":{"type":"branch","line":38,"loc":{"start":{"line":38,"column":36},"end":{"line":39,"column":59}},"locations":[{"start":{"line":38,"column":36},"end":{"line":39,"column":59}}]},"12":{"type":"branch","line":41,"loc":{"start":{"line":41,"column":40},"end":{"line":41,"column":58}},"locations":[{"start":{"line":41,"column":40},"end":{"line":41,"column":58}}]},"13":{"type":"branch","line":47,"loc":{"start":{"line":47,"column":32},"end":{"line":47,"column":79}},"locations":[{"start":{"line":47,"column":32},"end":{"line":47,"column":79}}]},"14":{"type":"branch","line":48,"loc":{"start":{"line":48,"column":39},"end":{"line":48,"column":57}},"locations":[{"start":{"line":48,"column":39},"end":{"line":48,"column":57}}]}},"b":{"0":[26],"1":[26],"2":[26],"3":[26],"4":[26],"5":[26],"6":[26],"7":[26],"8":[26],"9":[26],"10":[26],"11":[26],"12":[26],"13":[26],"14":[26]},"fnMap":{"0":{"name":"up","decl":{"start":{"line":3,"column":0},"end":{"line":50,"column":1}},"loc":{"start":{"line":3,"column":0},"end":{"line":50,"column":1}},"line":3}},"f":{"0":26}}
,"/mnt/c/Users/stani/OneDrive/Desktop/Turing College/Module 3/Sprint 2/Part-5/Discord-Bot-REST-API/src/database/migrations/20231101214320-addSprintCodeColumn.ts": {"path":"/mnt/c/Users/stani/OneDrive/Desktop/Turing College/Module 3/Sprint 2/Part-5/Discord-Bot-REST-API/src/database/migrations/20231101214320-addSprintCodeColumn.ts","all":false,"statementMap":{"0":{"start":{"line":1,"column":0},"end":{"line":1,"column":48}},"1":{"start":{"line":2,"column":0},"end":{"line":2,"column":0}},"2":{"start":{"line":3,"column":0},"end":{"line":3,"column":54}},"3":{"start":{"line":4,"column":0},"end":{"line":4,"column":17}},"4":{"start":{"line":5,"column":0},"end":{"line":5,"column":26}},"5":{"start":{"line":6,"column":0},"end":{"line":6,"column":57}},"6":{"start":{"line":7,"column":0},"end":{"line":7,"column":15}},"7":{"start":{"line":8,"column":0},"end":{"line":8,"column":1}},"8":{"start":{"line":9,"column":0},"end":{"line":9,"column":0}},"9":{"start":{"line":10,"column":0},"end":{"line":10,"column":56}},"10":{"start":{"line":11,"column":0},"end":{"line":11,"column":76}},"11":{"start":{"line":12,"column":0},"end":{"line":12,"column":1}}},"s":{"0":1,"1":1,"2":26,"3":26,"4":26,"5":26,"6":26,"7":26,"8":1,"9":0,"10":0,"11":0},"branchMap":{"0":{"type":"branch","line":3,"loc":{"start":{"line":3,"column":0},"end":{"line":8,"column":1}},"locations":[{"start":{"line":3,"column":0},"end":{"line":8,"column":1}}]},"1":{"type":"branch","line":6,"loc":{"start":{"line":6,"column":38},"end":{"line":6,"column":56}},"locations":[{"start":{"line":6,"column":38},"end":{"line":6,"column":56}}]}},"b":{"0":[26],"1":[26]},"fnMap":{"0":{"name":"up","decl":{"start":{"line":3,"column":0},"end":{"line":8,"column":1}},"loc":{"start":{"line":3,"column":0},"end":{"line":8,"column":1}},"line":3},"1":{"name":"down","decl":{"start":{"line":10,"column":0},"end":{"line":12,"column":1}},"loc":{"start":{"line":10,"column":0},"end":{"line":12,"column":1}},"line":10}},"f":{"0":26,"1":0}}
,"/mnt/c/Users/stani/OneDrive/Desktop/Turing College/Module 3/Sprint 2/Part-5/Discord-Bot-REST-API/src/modules/congratulatoryMessages/controller.ts": {"path":"/mnt/c/Users/stani/OneDrive/Desktop/Turing College/Module 3/Sprint 2/Part-5/Discord-Bot-REST-API/src/modules/congratulatoryMessages/controller.ts","all":false,"statementMap":{"0":{"start":{"line":1,"column":0},"end":{"line":1,"column":38}},"1":{"start":{"line":2,"column":0},"end":{"line":2,"column":43}},"2":{"start":{"line":3,"column":0},"end":{"line":3,"column":0}},"3":{"start":{"line":4,"column":0},"end":{"line":4,"column":58}},"4":{"start":{"line":5,"column":0},"end":{"line":5,"column":16}},"5":{"start":{"line":6,"column":0},"end":{"line":6,"column":28}},"6":{"start":{"line":7,"column":0},"end":{"line":7,"column":19}},"7":{"start":{"line":8,"column":0},"end":{"line":8,"column":20}},"8":{"start":{"line":9,"column":0},"end":{"line":9,"column":17}},"9":{"start":{"line":10,"column":0},"end":{"line":10,"column":14}},"10":{"start":{"line":11,"column":0},"end":{"line":11,"column":21}},"11":{"start":{"line":12,"column":0},"end":{"line":12,"column":48}},"12":{"start":{"line":13,"column":0},"end":{"line":13,"column":0}},"13":{"start":{"line":14,"column":0},"end":{"line":14,"column":7}},"14":{"start":{"line":15,"column":0},"end":{"line":15,"column":36}},"15":{"start":{"line":16,"column":0},"end":{"line":16,"column":12}},"16":{"start":{"line":17,"column":0},"end":{"line":17,"column":24}},"17":{"start":{"line":18,"column":0},"end":{"line":18,"column":15}},"18":{"start":{"line":19,"column":0},"end":{"line":19,"column":16}},"19":{"start":{"line":20,"column":0},"end":{"line":20,"column":13}},"20":{"start":{"line":21,"column":0},"end":{"line":21,"column":7}},"21":{"start":{"line":22,"column":0},"end":{"line":22,"column":70}},"22":{"start":{"line":23,"column":0},"end":{"line":23,"column":16}},"23":{"start":{"line":24,"column":0},"end":{"line":24,"column":19}},"24":{"start":{"line":25,"column":0},"end":{"line":25,"column":18}},"25":{"start":{"line":26,"column":0},"end":{"line":26,"column":71}},"26":{"start":{"line":27,"column":0},"end":{"line":27,"column":11}},"27":{"start":{"line":28,"column":0},"end":{"line":28,"column":6}},"28":{"start":{"line":29,"column":0},"end":{"line":29,"column":17}},"29":{"start":{"line":30,"column":0},"end":{"line":30,"column":3}},"30":{"start":{"line":31,"column":0},"end":{"line":31,"column":1}}},"s":{"0":1,"1":1,"2":1,"3":1,"4":1,"5":1,"6":1,"7":1,"8":1,"9":1,"10":1,"11":1,"12":1,"13":1,"14":1,"15":1,"16":1,"17":1,"18":1,"19":1,"20":1,"21":1,"22":1,"23":1,"24":0,"25":0,"26":0,"27":0,"28":0,"29":0,"30":1},"branchMap":{"0":{"type":"branch","line":4,"loc":{"start":{"line":4,"column":0},"end":{"line":31,"column":1}},"locations":[{"start":{"line":4,"column":0},"end":{"line":31,"column":1}}]},"1":{"type":"branch","line":24,"loc":{"start":{"line":24,"column":2},"end":{"line":30,"column":3}},"locations":[{"start":{"line":24,"column":2},"end":{"line":30,"column":3}}]}},"b":{"0":[1],"1":[0]},"fnMap":{"0":{"name":"insertCongratulatoryMessage","decl":{"start":{"line":4,"column":0},"end":{"line":31,"column":1}},"loc":{"start":{"line":4,"column":0},"end":{"line":31,"column":1}},"line":4}},"f":{"0":1}}
,"/mnt/c/Users/stani/OneDrive/Desktop/Turing College/Module 3/Sprint 2/Part-5/Discord-Bot-REST-API/src/modules/congratulatoryMessages/repository.ts": {"path":"/mnt/c/Users/stani/OneDrive/Desktop/Turing College/Module 3/Sprint 2/Part-5/Discord-Bot-REST-API/src/modules/congratulatoryMessages/repository.ts","all":false,"statementMap":{"0":{"start":{"line":1,"column":0},"end":{"line":1,"column":53}},"1":{"start":{"line":2,"column":0},"end":{"line":2,"column":32}},"2":{"start":{"line":3,"column":0},"end":{"line":3,"column":67}},"3":{"start":{"line":4,"column":0},"end":{"line":4,"column":0}},"4":{"start":{"line":5,"column":0},"end":{"line":5,"column":39}},"5":{"start":{"line":6,"column":0},"end":{"line":6,"column":0}},"6":{"start":{"line":7,"column":0},"end":{"line":7,"column":34}},"7":{"start":{"line":8,"column":0},"end":{"line":8,"column":36}},"8":{"start":{"line":9,"column":0},"end":{"line":9,"column":42}},"9":{"start":{"line":10,"column":0},"end":{"line":10,"column":33}},"10":{"start":{"line":11,"column":0},"end":{"line":11,"column":0}},"11":{"start":{"line":12,"column":0},"end":{"line":12,"column":35}},"12":{"start":{"line":13,"column":0},"end":{"line":13,"column":35}},"13":{"start":{"line":14,"column":0},"end":{"line":14,"column":55}},"14":{"start":{"line":15,"column":0},"end":{"line":15,"column":4}},"15":{"start":{"line":16,"column":0},"end":{"line":16,"column":0}},"16":{"start":{"line":17,"column":0},"end":{"line":17,"column":52}},"17":{"start":{"line":18,"column":0},"end":{"line":18,"column":13}},"18":{"start":{"line":19,"column":0},"end":{"line":19,"column":24}},"19":{"start":{"line":20,"column":0},"end":{"line":20,"column":58}},"20":{"start":{"line":21,"column":0},"end":{"line":21,"column":19}},"21":{"start":{"line":22,"column":0},"end":{"line":22,"column":17}},"22":{"start":{"line":23,"column":0},"end":{"line":23,"column":4}},"23":{"start":{"line":24,"column":0},"end":{"line":24,"column":0}},"24":{"start":{"line":25,"column":0},"end":{"line":25,"column":59}},"25":{"start":{"line":26,"column":0},"end":{"line":26,"column":13}},"26":{"start":{"line":27,"column":0},"end":{"line":27,"column":24}},"27":{"start":{"line":28,"column":0},"end":{"line":28,"column":39}},"28":{"start":{"line":29,"column":0},"end":{"line":29,"column":19}},"29":{"start":{"line":30,"column":0},"end":{"line":30,"column":17}},"30":{"start":{"line":31,"column":0},"end":{"line":31,"column":4}},"31":{"start":{"line":32,"column":0},"end":{"line":32,"column":0}},"32":{"start":{"line":33,"column":0},"end":{"line":33,"column":70}},"33":{"start":{"line":34,"column":0},"end":{"line":34,"column":75}},"34":{"start":{"line":35,"column":0},"end":{"line":35,"column":0}},"35":{"start":{"line":36,"column":0},"end":{"line":36,"column":9}},"36":{"start":{"line":37,"column":0},"end":{"line":37,"column":29}},"37":{"start":{"line":38,"column":0},"end":{"line":38,"column":26}},"38":{"start":{"line":39,"column":0},"end":{"line":39,"column":74}},"39":{"start":{"line":40,"column":0},"end":{"line":40,"column":24}},"40":{"start":{"line":41,"column":0},"end":{"line":41,"column":28}},"41":{"start":{"line":42,"column":0},"end":{"line":42,"column":0}},"42":{"start":{"line":43,"column":0},"end":{"line":43,"column":20}},"43":{"start":{"line":44,"column":0},"end":{"line":44,"column":21}},"44":{"start":{"line":45,"column":0},"end":{"line":45,"column":20}},"45":{"start":{"line":46,"column":0},"end":{"line":46,"column":67}},"46":{"start":{"line":47,"column":0},"end":{"line":47,"column":13}},"47":{"start":{"line":48,"column":0},"end":{"line":48,"column":8}},"48":{"start":{"line":49,"column":0},"end":{"line":49,"column":23}},"49":{"start":{"line":50,"column":0},"end":{"line":50,"column":5}},"50":{"start":{"line":51,"column":0},"end":{"line":51,"column":4}},"51":{"start":{"line":52,"column":0},"end":{"line":52,"column":3}}},"s":{"0":1,"1":1,"2":1,"3":1,"4":1,"5":1,"6":1,"7":1,"8":1,"9":1,"10":1,"11":1,"12":6,"13":1,"14":1,"15":6,"16":6,"17":3,"18":3,"19":3,"20":3,"21":3,"22":3,"23":6,"24":6,"25":1,"26":1,"27":1,"28":1,"29":1,"30":1,"31":6,"32":6,"33":1,"34":1,"35":1,"36":1,"37":1,"38":1,"39":1,"40":1,"41":1,"42":1,"43":1,"44":0,"45":0,"46":0,"47":0,"48":0,"49":0,"50":1,"51":6},"branchMap":{"0":{"type":"branch","line":12,"loc":{"start":{"line":12,"column":15},"end":{"line":52,"column":3}},"locations":[{"start":{"line":12,"column":15},"end":{"line":52,"column":3}}]},"1":{"type":"branch","line":13,"loc":{"start":{"line":13,"column":2},"end":{"line":15,"column":4}},"locations":[{"start":{"line":13,"column":2},"end":{"line":15,"column":4}}]},"2":{"type":"branch","line":17,"loc":{"start":{"line":17,"column":2},"end":{"line":23,"column":4}},"locations":[{"start":{"line":17,"column":2},"end":{"line":23,"column":4}}]},"3":{"type":"branch","line":25,"loc":{"start":{"line":25,"column":2},"end":{"line":31,"column":4}},"locations":[{"start":{"line":25,"column":2},"end":{"line":31,"column":4}}]},"4":{"type":"branch","line":33,"loc":{"start":{"line":33,"column":10},"end":{"line":51,"column":4}},"locations":[{"start":{"line":33,"column":10},"end":{"line":51,"column":4}}]},"5":{"type":"branch","line":44,"loc":{"start":{"line":44,"column":4},"end":{"line":50,"column":5}},"locations":[{"start":{"line":44,"column":4},"end":{"line":50,"column":5}}]}},"b":{"0":[6],"1":[1],"2":[3],"3":[1],"4":[1],"5":[0]},"fnMap":{"0":{"name":"__vite_ssr_exports__.default","decl":{"start":{"line":12,"column":15},"end":{"line":52,"column":3}},"loc":{"start":{"line":12,"column":15},"end":{"line":52,"column":3}},"line":12},"1":{"name":"findAll","decl":{"start":{"line":13,"column":2},"end":{"line":15,"column":4}},"loc":{"start":{"line":13,"column":2},"end":{"line":15,"column":4}},"line":13},"2":{"name":"finduserId","decl":{"start":{"line":17,"column":2},"end":{"line":23,"column":4}},"loc":{"start":{"line":17,"column":2},"end":{"line":23,"column":4}},"line":17},"3":{"name":"findMsgTemplate","decl":{"start":{"line":25,"column":2},"end":{"line":31,"column":4}},"loc":{"start":{"line":25,"column":2},"end":{"line":31,"column":4}},"line":25},"4":{"name":"create","decl":{"start":{"line":33,"column":10},"end":{"line":51,"column":4}},"loc":{"start":{"line":33,"column":10},"end":{"line":51,"column":4}},"line":33}},"f":{"0":6,"1":1,"2":3,"3":1,"4":1}}
,"/mnt/c/Users/stani/OneDrive/Desktop/Turing College/Module 3/Sprint 2/Part-5/Discord-Bot-REST-API/src/modules/congratulatoryMessages/schema.ts": {"path":"/mnt/c/Users/stani/OneDrive/Desktop/Turing College/Module 3/Sprint 2/Part-5/Discord-Bot-REST-API/src/modules/congratulatoryMessages/schema.ts","all":false,"statementMap":{"0":{"start":{"line":1,"column":0},"end":{"line":1,"column":24}},"1":{"start":{"line":2,"column":0},"end":{"line":2,"column":57}},"2":{"start":{"line":3,"column":0},"end":{"line":3,"column":0}},"3":{"start":{"line":4,"column":0},"end":{"line":4,"column":38}},"4":{"start":{"line":5,"column":0},"end":{"line":5,"column":25}},"5":{"start":{"line":6,"column":0},"end":{"line":6,"column":37}},"6":{"start":{"line":7,"column":0},"end":{"line":7,"column":41}},"7":{"start":{"line":8,"column":0},"end":{"line":8,"column":49}},"8":{"start":{"line":9,"column":0},"end":{"line":9,"column":40}},"9":{"start":{"line":10,"column":0},"end":{"line":10,"column":24}},"10":{"start":{"line":11,"column":0},"end":{"line":11,"column":38}},"11":{"start":{"line":12,"column":0},"end":{"line":12,"column":3}},"12":{"start":{"line":13,"column":0},"end":{"line":13,"column":0}},"13":{"start":{"line":14,"column":0},"end":{"line":14,"column":45}},"14":{"start":{"line":15,"column":0},"end":{"line":15,"column":0}},"15":{"start":{"line":16,"column":0},"end":{"line":16,"column":39}},"16":{"start":{"line":17,"column":0},"end":{"line":17,"column":50}},"17":{"start":{"line":18,"column":0},"end":{"line":18,"column":0}},"18":{"start":{"line":19,"column":0},"end":{"line":19,"column":6}},"19":{"start":{"line":20,"column":0},"end":{"line":20,"column":36}},"20":{"start":{"line":21,"column":0},"end":{"line":21,"column":48}},"21":{"start":{"line":22,"column":0},"end":{"line":22,"column":39}},"22":{"start":{"line":23,"column":0},"end":{"line":23,"column":37}},"23":{"start":{"line":24,"column":0},"end":{"line":24,"column":56}},"24":{"start":{"line":25,"column":0},"end":{"line":25,"column":5}},"25":{"start":{"line":26,"column":0},"end":{"line":26,"column":20}},"26":{"start":{"line":27,"column":0},"end":{"line":27,"column":69}},"27":{"start":{"line":28,"column":0},"end":{"line":28,"column":6}},"28":{"start":{"line":29,"column":0},"end":{"line":29,"column":3}},"29":{"start":{"line":30,"column":0},"end":{"line":30,"column":32}},"30":{"start":{"line":31,"column":0},"end":{"line":31,"column":2}},"31":{"start":{"line":32,"column":0},"end":{"line":32,"column":69}},"32":{"start":{"line":33,"column":0},"end":{"line":33,"column":0}},"33":{"start":{"line":34,"column":0},"end":{"line":34,"column":51}},"34":{"start":{"line":35,"column":0},"end":{"line":35,"column":14}},"35":{"start":{"line":36,"column":0},"end":{"line":36,"column":38}}},"s":{"0":1,"1":1,"2":1,"3":1,"4":1,"5":1,"6":1,"7":1,"8":1,"9":1,"10":1,"11":1,"12":1,"13":1,"14":1,"15":1,"16":6,"17":6,"18":6,"19":6,"20":1,"21":1,"22":1,"23":1,"24":6,"25":0,"26":0,"27":0,"28":0,"29":1,"30":1,"31":1,"32":1,"33":1,"34":1,"35":1},"branchMap":{"0":{"type":"branch","line":16,"loc":{"start":{"line":16,"column":21},"end":{"line":31,"column":2}},"locations":[{"start":{"line":16,"column":21},"end":{"line":31,"column":2}}]},"1":{"type":"branch","line":20,"loc":{"start":{"line":20,"column":28},"end":{"line":21,"column":48}},"locations":[{"start":{"line":20,"column":28},"end":{"line":21,"column":48}}]},"2":{"type":"branch","line":21,"loc":{"start":{"line":21,"column":28},"end":{"line":22,"column":39}},"locations":[{"start":{"line":21,"column":28},"end":{"line":22,"column":39}}]},"3":{"type":"branch","line":22,"loc":{"start":{"line":22,"column":28},"end":{"line":23,"column":37}},"locations":[{"start":{"line":22,"column":28},"end":{"line":23,"column":37}}]},"4":{"type":"branch","line":23,"loc":{"start":{"line":23,"column":28},"end":{"line":24,"column":56}},"locations":[{"start":{"line":23,"column":28},"end":{"line":24,"column":56}}]},"5":{"type":"branch","line":25,"loc":{"start":{"line":25,"column":4},"end":{"line":29,"column":3}},"locations":[{"start":{"line":25,"column":4},"end":{"line":29,"column":3}}]},"6":{"type":"branch","line":29,"loc":{"start":{"line":29,"column":2},"end":{"line":31,"column":2}},"locations":[{"start":{"line":29,"column":2},"end":{"line":31,"column":2}}]}},"b":{"0":[6],"1":[1],"2":[1],"3":[1],"4":[1],"5":[0],"6":[1]},"fnMap":{"0":{"name":"parse","decl":{"start":{"line":16,"column":21},"end":{"line":31,"column":2}},"loc":{"start":{"line":16,"column":21},"end":{"line":31,"column":2}},"line":16},"1":{"name":"parseInsertable","decl":{"start":{"line":32,"column":31},"end":{"line":32,"column":69}},"loc":{"start":{"line":32,"column":31},"end":{"line":32,"column":69}},"line":32}},"f":{"0":6,"1":0}}
,"/mnt/c/Users/stani/OneDrive/Desktop/Turing College/Module 3/Sprint 2/Part-5/Discord-Bot-REST-API/src/modules/congratulatoryMessages/tests/repositoryTestSetup.ts": {"path":"/mnt/c/Users/stani/OneDrive/Desktop/Turing College/Module 3/Sprint 2/Part-5/Discord-Bot-REST-API/src/modules/congratulatoryMessages/tests/repositoryTestSetup.ts","all":false,"statementMap":{"0":{"start":{"line":1,"column":0},"end":{"line":1,"column":49}},"1":{"start":{"line":2,"column":0},"end":{"line":2,"column":59}},"2":{"start":{"line":3,"column":0},"end":{"line":3,"column":56}},"3":{"start":{"line":4,"column":0},"end":{"line":4,"column":65}},"4":{"start":{"line":5,"column":0},"end":{"line":5,"column":62}},"5":{"start":{"line":6,"column":0},"end":{"line":6,"column":50}},"6":{"start":{"line":7,"column":0},"end":{"line":7,"column":0}},"7":{"start":{"line":8,"column":0},"end":{"line":8,"column":60}},"8":{"start":{"line":9,"column":0},"end":{"line":9,"column":52}},"9":{"start":{"line":10,"column":0},"end":{"line":10,"column":50}},"10":{"start":{"line":11,"column":0},"end":{"line":11,"column":73}},"11":{"start":{"line":12,"column":0},"end":{"line":12,"column":56}},"12":{"start":{"line":13,"column":0},"end":{"line":13,"column":0}},"13":{"start":{"line":14,"column":0},"end":{"line":14,"column":28}},"14":{"start":{"line":15,"column":0},"end":{"line":15,"column":18}},"15":{"start":{"line":16,"column":0},"end":{"line":16,"column":25}},"16":{"start":{"line":17,"column":0},"end":{"line":17,"column":7}},"17":{"start":{"line":18,"column":0},"end":{"line":18,"column":5}},"18":{"start":{"line":19,"column":0},"end":{"line":19,"column":0}},"19":{"start":{"line":20,"column":0},"end":{"line":20,"column":27}},"20":{"start":{"line":21,"column":0},"end":{"line":21,"column":16}},"21":{"start":{"line":22,"column":0},"end":{"line":22,"column":25}},"22":{"start":{"line":23,"column":0},"end":{"line":23,"column":7}},"23":{"start":{"line":24,"column":0},"end":{"line":24,"column":5}},"24":{"start":{"line":25,"column":0},"end":{"line":25,"column":0}},"25":{"start":{"line":26,"column":0},"end":{"line":26,"column":30}},"26":{"start":{"line":27,"column":0},"end":{"line":27,"column":19}},"27":{"start":{"line":28,"column":0},"end":{"line":28,"column":27}},"28":{"start":{"line":29,"column":0},"end":{"line":29,"column":54}},"29":{"start":{"line":30,"column":0},"end":{"line":30,"column":7}},"30":{"start":{"line":31,"column":0},"end":{"line":31,"column":5}},"31":{"start":{"line":32,"column":0},"end":{"line":32,"column":0}},"32":{"start":{"line":33,"column":0},"end":{"line":33,"column":38}},"33":{"start":{"line":34,"column":0},"end":{"line":34,"column":20}},"34":{"start":{"line":35,"column":0},"end":{"line":35,"column":48}},"35":{"start":{"line":36,"column":0},"end":{"line":36,"column":7}},"36":{"start":{"line":37,"column":0},"end":{"line":37,"column":5}},"37":{"start":{"line":38,"column":0},"end":{"line":38,"column":2}}},"s":{"0":1,"1":1,"2":1,"3":1,"4":1,"5":1,"6":1,"7":1,"8":4,"9":4,"10":4,"11":4,"12":4,"13":4,"14":4,"15":4,"16":4,"17":4,"18":4,"19":4,"20":4,"21":4,"22":4,"23":4,"24":4,"25":4,"26":4,"27":4,"28":4,"29":4,"30":4,"31":4,"32":4,"33":4,"34":4,"35":4,"36":4,"37":4},"branchMap":{"0":{"type":"branch","line":8,"loc":{"start":{"line":8,"column":35},"end":{"line":38,"column":2}},"locations":[{"start":{"line":8,"column":35},"end":{"line":38,"column":2}}]}},"b":{"0":[4]},"fnMap":{"0":{"name":"repositoryTestSetup","decl":{"start":{"line":8,"column":35},"end":{"line":38,"column":2}},"loc":{"start":{"line":8,"column":35},"end":{"line":38,"column":2}},"line":8}},"f":{"0":4}}
,"/mnt/c/Users/stani/OneDrive/Desktop/Turing College/Module 3/Sprint 2/Part-5/Discord-Bot-REST-API/src/modules/congratulatoryMessages/tests/utils.ts": {"path":"/mnt/c/Users/stani/OneDrive/Desktop/Turing College/Module 3/Sprint 2/Part-5/Discord-Bot-REST-API/src/modules/congratulatoryMessages/tests/utils.ts","all":false,"statementMap":{"0":{"start":{"line":1,"column":0},"end":{"line":1,"column":32}},"1":{"start":{"line":2,"column":0},"end":{"line":2,"column":41}},"2":{"start":{"line":3,"column":0},"end":{"line":3,"column":57}},"3":{"start":{"line":4,"column":0},"end":{"line":4,"column":0}},"4":{"start":{"line":5,"column":0},"end":{"line":5,"column":41}},"5":{"start":{"line":6,"column":0},"end":{"line":6,"column":61}},"6":{"start":{"line":7,"column":0},"end":{"line":7,"column":43}},"7":{"start":{"line":8,"column":0},"end":{"line":8,"column":8}},"8":{"start":{"line":9,"column":0},"end":{"line":9,"column":11}},"9":{"start":{"line":10,"column":0},"end":{"line":10,"column":23}},"10":{"start":{"line":11,"column":0},"end":{"line":11,"column":14}},"11":{"start":{"line":12,"column":0},"end":{"line":12,"column":40}},"12":{"start":{"line":13,"column":0},"end":{"line":13,"column":12}},"13":{"start":{"line":14,"column":0},"end":{"line":14,"column":15}},"14":{"start":{"line":15,"column":0},"end":{"line":15,"column":3}},"15":{"start":{"line":16,"column":0},"end":{"line":16,"column":0}},"16":{"start":{"line":17,"column":0},"end":{"line":17,"column":45}},"17":{"start":{"line":18,"column":0},"end":{"line":18,"column":61}},"18":{"start":{"line":19,"column":0},"end":{"line":19,"column":31}},"19":{"start":{"line":20,"column":0},"end":{"line":20,"column":25}},"20":{"start":{"line":21,"column":0},"end":{"line":21,"column":41}},"21":{"start":{"line":22,"column":0},"end":{"line":22,"column":3}},"22":{"start":{"line":23,"column":0},"end":{"line":23,"column":0}},"23":{"start":{"line":24,"column":0},"end":{"line":24,"column":41}},"24":{"start":{"line":25,"column":0},"end":{"line":25,"column":61}},"25":{"start":{"line":26,"column":0},"end":{"line":26,"column":7}},"26":{"start":{"line":27,"column":0},"end":{"line":27,"column":25}},"27":{"start":{"line":28,"column":0},"end":{"line":28,"column":15}},"28":{"start":{"line":29,"column":0},"end":{"line":29,"column":41}},"29":{"start":{"line":30,"column":0},"end":{"line":30,"column":3}}},"s":{"0":1,"1":1,"2":1,"3":1,"4":1,"5":6,"6":6,"7":6,"8":6,"9":6,"10":6,"11":6,"12":6,"13":6,"14":6,"15":1,"16":1,"17":1,"18":1,"19":1,"20":1,"21":1,"22":1,"23":1,"24":0,"25":0,"26":0,"27":0,"28":0,"29":0},"branchMap":{"0":{"type":"branch","line":5,"loc":{"start":{"line":5,"column":40},"end":{"line":15,"column":3}},"locations":[{"start":{"line":5,"column":40},"end":{"line":15,"column":3}}]},"1":{"type":"branch","line":17,"loc":{"start":{"line":17,"column":44},"end":{"line":22,"column":3}},"locations":[{"start":{"line":17,"column":44},"end":{"line":22,"column":3}}]}},"b":{"0":[6],"1":[1]},"fnMap":{"0":{"name":"congratulatoryMsgFactory","decl":{"start":{"line":5,"column":40},"end":{"line":15,"column":3}},"loc":{"start":{"line":5,"column":40},"end":{"line":15,"column":3}},"line":5},"1":{"name":"congratulatoryMsgFactoryFull","decl":{"start":{"line":17,"column":44},"end":{"line":22,"column":3}},"loc":{"start":{"line":17,"column":44},"end":{"line":22,"column":3}},"line":17},"2":{"name":"congratulatoryMsgMatcher","decl":{"start":{"line":24,"column":40},"end":{"line":30,"column":3}},"loc":{"start":{"line":24,"column":40},"end":{"line":30,"column":3}},"line":24}},"f":{"0":6,"1":1,"2":0}}
,"/mnt/c/Users/stani/OneDrive/Desktop/Turing College/Module 3/Sprint 2/Part-5/Discord-Bot-REST-API/src/modules/congratulatoryMessages/utils/getGifId.ts": {"path":"/mnt/c/Users/stani/OneDrive/Desktop/Turing College/Module 3/Sprint 2/Part-5/Discord-Bot-REST-API/src/modules/congratulatoryMessages/utils/getGifId.ts","all":false,"statementMap":{"0":{"start":{"line":1,"column":0},"end":{"line":1,"column":43}},"1":{"start":{"line":2,"column":0},"end":{"line":2,"column":52}},"2":{"start":{"line":3,"column":0},"end":{"line":3,"column":0}},"3":{"start":{"line":4,"column":0},"end":{"line":4,"column":68}},"4":{"start":{"line":5,"column":0},"end":{"line":5,"column":46}},"5":{"start":{"line":6,"column":0},"end":{"line":6,"column":0}},"6":{"start":{"line":7,"column":0},"end":{"line":7,"column":19}},"7":{"start":{"line":8,"column":0},"end":{"line":8,"column":0}},"8":{"start":{"line":9,"column":0},"end":{"line":9,"column":48}},"9":{"start":{"line":10,"column":0},"end":{"line":10,"column":0}},"10":{"start":{"line":11,"column":0},"end":{"line":11,"column":17}},"11":{"start":{"line":12,"column":0},"end":{"line":12,"column":55}},"12":{"start":{"line":13,"column":0},"end":{"line":13,"column":26}},"13":{"start":{"line":14,"column":0},"end":{"line":14,"column":10}},"14":{"start":{"line":15,"column":0},"end":{"line":15,"column":23}},"15":{"start":{"line":16,"column":0},"end":{"line":16,"column":3}},"16":{"start":{"line":17,"column":0},"end":{"line":17,"column":0}},"17":{"start":{"line":18,"column":0},"end":{"line":18,"column":15}},"18":{"start":{"line":19,"column":0},"end":{"line":19,"column":1}}},"s":{"0":1,"1":1,"2":1,"3":1,"4":1,"5":1,"6":1,"7":1,"8":1,"9":1,"10":1,"11":0,"12":0,"13":1,"14":1,"15":1,"16":1,"17":1,"18":1},"branchMap":{"0":{"type":"branch","line":4,"loc":{"start":{"line":4,"column":0},"end":{"line":19,"column":1}},"locations":[{"start":{"line":4,"column":0},"end":{"line":19,"column":1}}]},"1":{"type":"branch","line":11,"loc":{"start":{"line":11,"column":16},"end":{"line":14,"column":9}},"locations":[{"start":{"line":11,"column":16},"end":{"line":14,"column":9}}]}},"b":{"0":[1],"1":[0]},"fnMap":{"0":{"name":"getGif","decl":{"start":{"line":4,"column":0},"end":{"line":19,"column":1}},"loc":{"start":{"line":4,"column":0},"end":{"line":19,"column":1}},"line":4}},"f":{"0":1}}
,"/mnt/c/Users/stani/OneDrive/Desktop/Turing College/Module 3/Sprint 2/Part-5/Discord-Bot-REST-API/src/modules/congratulatoryMessages/utils/getMsgId.ts": {"path":"/mnt/c/Users/stani/OneDrive/Desktop/Turing College/Module 3/Sprint 2/Part-5/Discord-Bot-REST-API/src/modules/congratulatoryMessages/utils/getMsgId.ts","all":false,"statementMap":{"0":{"start":{"line":1,"column":0},"end":{"line":1,"column":43}},"1":{"start":{"line":2,"column":0},"end":{"line":2,"column":56}},"2":{"start":{"line":3,"column":0},"end":{"line":3,"column":0}},"3":{"start":{"line":4,"column":0},"end":{"line":4,"column":71}},"4":{"start":{"line":5,"column":0},"end":{"line":5,"column":43}},"5":{"start":{"line":6,"column":0},"end":{"line":6,"column":0}},"6":{"start":{"line":7,"column":0},"end":{"line":7,"column":58}},"7":{"start":{"line":8,"column":0},"end":{"line":8,"column":0}},"8":{"start":{"line":9,"column":0},"end":{"line":9,"column":23}},"9":{"start":{"line":10,"column":0},"end":{"line":10,"column":1}}},"s":{"0":1,"1":1,"2":1,"3":1,"4":1,"5":1,"6":1,"7":1,"8":1,"9":1},"branchMap":{"0":{"type":"branch","line":4,"loc":{"start":{"line":4,"column":0},"end":{"line":10,"column":1}},"locations":[{"start":{"line":4,"column":0},"end":{"line":10,"column":1}}]}},"b":{"0":[1]},"fnMap":{"0":{"name":"getMsgId","decl":{"start":{"line":4,"column":0},"end":{"line":10,"column":1}},"loc":{"start":{"line":4,"column":0},"end":{"line":10,"column":1}},"line":4}},"f":{"0":1}}
,"/mnt/c/Users/stani/OneDrive/Desktop/Turing College/Module 3/Sprint 2/Part-5/Discord-Bot-REST-API/src/modules/congratulatoryMessages/utils/getSprintsId.ts": {"path":"/mnt/c/Users/stani/OneDrive/Desktop/Turing College/Module 3/Sprint 2/Part-5/Discord-Bot-REST-API/src/modules/congratulatoryMessages/utils/getSprintsId.ts","all":false,"statementMap":{"0":{"start":{"line":1,"column":0},"end":{"line":1,"column":43}},"1":{"start":{"line":2,"column":0},"end":{"line":2,"column":55}},"2":{"start":{"line":3,"column":0},"end":{"line":3,"column":0}},"3":{"start":{"line":4,"column":0},"end":{"line":4,"column":72}},"4":{"start":{"line":5,"column":0},"end":{"line":5,"column":42}},"5":{"start":{"line":6,"column":0},"end":{"line":6,"column":0}},"6":{"start":{"line":7,"column":0},"end":{"line":7,"column":53}},"7":{"start":{"line":8,"column":0},"end":{"line":8,"column":0}},"8":{"start":{"line":9,"column":0},"end":{"line":9,"column":21}},"9":{"start":{"line":10,"column":0},"end":{"line":10,"column":1}}},"s":{"0":1,"1":1,"2":1,"3":1,"4":1,"5":1,"6":1,"7":1,"8":1,"9":1},"branchMap":{"0":{"type":"branch","line":4,"loc":{"start":{"line":4,"column":0},"end":{"line":10,"column":1}},"locations":[{"start":{"line":4,"column":0},"end":{"line":10,"column":1}}]}},"b":{"0":[1]},"fnMap":{"0":{"name":"getSprintsId","decl":{"start":{"line":4,"column":0},"end":{"line":10,"column":1}},"loc":{"start":{"line":4,"column":0},"end":{"line":10,"column":1}},"line":4}},"f":{"0":1}}
,"/mnt/c/Users/stani/OneDrive/Desktop/Turing College/Module 3/Sprint 2/Part-5/Discord-Bot-REST-API/src/modules/congratulatoryMessages/utils/getUsersId.ts": {"path":"/mnt/c/Users/stani/OneDrive/Desktop/Turing College/Module 3/Sprint 2/Part-5/Discord-Bot-REST-API/src/modules/congratulatoryMessages/utils/getUsersId.ts","all":false,"statementMap":{"0":{"start":{"line":1,"column":0},"end":{"line":1,"column":43}},"1":{"start":{"line":2,"column":0},"end":{"line":2,"column":53}},"2":{"start":{"line":3,"column":0},"end":{"line":3,"column":0}},"3":{"start":{"line":4,"column":0},"end":{"line":4,"column":74}},"4":{"start":{"line":5,"column":0},"end":{"line":5,"column":50}},"5":{"start":{"line":6,"column":0},"end":{"line":6,"column":0}},"6":{"start":{"line":7,"column":0},"end":{"line":7,"column":53}},"7":{"start":{"line":8,"column":0},"end":{"line":8,"column":0}},"8":{"start":{"line":9,"column":0},"end":{"line":9,"column":17}},"9":{"start":{"line":10,"column":0},"end":{"line":10,"column":41}},"10":{"start":{"line":11,"column":0},"end":{"line":11,"column":3}},"11":{"start":{"line":12,"column":0},"end":{"line":12,"column":0}},"12":{"start":{"line":13,"column":0},"end":{"line":13,"column":21}},"13":{"start":{"line":14,"column":0},"end":{"line":14,"column":1}}},"s":{"0":1,"1":1,"2":1,"3":1,"4":1,"5":1,"6":1,"7":1,"8":1,"9":0,"10":0,"11":1,"12":1,"13":1},"branchMap":{"0":{"type":"branch","line":4,"loc":{"start":{"line":4,"column":0},"end":{"line":14,"column":1}},"locations":[{"start":{"line":4,"column":0},"end":{"line":14,"column":1}}]},"1":{"type":"branch","line":9,"loc":{"start":{"line":9,"column":16},"end":{"line":11,"column":3}},"locations":[{"start":{"line":9,"column":16},"end":{"line":11,"column":3}}]}},"b":{"0":[1],"1":[0]},"fnMap":{"0":{"name":"getUsersId","decl":{"start":{"line":4,"column":0},"end":{"line":14,"column":1}},"loc":{"start":{"line":4,"column":0},"end":{"line":14,"column":1}},"line":4}},"f":{"0":1}}
,"/mnt/c/Users/stani/OneDrive/Desktop/Turing College/Module 3/Sprint 2/Part-5/Discord-Bot-REST-API/src/modules/gifs/repository.ts": {"path":"/mnt/c/Users/stani/OneDrive/Desktop/Turing College/Module 3/Sprint 2/Part-5/Discord-Bot-REST-API/src/modules/gifs/repository.ts","all":false,"statementMap":{"0":{"start":{"line":1,"column":0},"end":{"line":1,"column":65}},"1":{"start":{"line":2,"column":0},"end":{"line":2,"column":32}},"2":{"start":{"line":3,"column":0},"end":{"line":3,"column":49}},"3":{"start":{"line":4,"column":0},"end":{"line":4,"column":0}},"4":{"start":{"line":5,"column":0},"end":{"line":5,"column":21}},"5":{"start":{"line":6,"column":0},"end":{"line":6,"column":16}},"6":{"start":{"line":7,"column":0},"end":{"line":7,"column":36}},"7":{"start":{"line":8,"column":0},"end":{"line":8,"column":42}},"8":{"start":{"line":9,"column":0},"end":{"line":9,"column":33}},"9":{"start":{"line":10,"column":0},"end":{"line":10,"column":0}},"10":{"start":{"line":11,"column":0},"end":{"line":11,"column":52}},"11":{"start":{"line":12,"column":0},"end":{"line":12,"column":35}},"12":{"start":{"line":13,"column":0},"end":{"line":13,"column":55}},"13":{"start":{"line":14,"column":0},"end":{"line":14,"column":4}},"14":{"start":{"line":15,"column":0},"end":{"line":15,"column":0}},"15":{"start":{"line":16,"column":0},"end":{"line":16,"column":59}},"16":{"start":{"line":17,"column":0},"end":{"line":17,"column":13}},"17":{"start":{"line":18,"column":0},"end":{"line":18,"column":24}},"18":{"start":{"line":19,"column":0},"end":{"line":19,"column":19}},"19":{"start":{"line":20,"column":0},"end":{"line":20,"column":35}},"20":{"start":{"line":21,"column":0},"end":{"line":21,"column":26}},"21":{"start":{"line":22,"column":0},"end":{"line":22,"column":4}},"22":{"start":{"line":23,"column":0},"end":{"line":23,"column":0}},"23":{"start":{"line":24,"column":0},"end":{"line":24,"column":61}},"24":{"start":{"line":25,"column":0},"end":{"line":25,"column":13}},"25":{"start":{"line":26,"column":0},"end":{"line":26,"column":24}},"26":{"start":{"line":27,"column":0},"end":{"line":27,"column":21}},"27":{"start":{"line":28,"column":0},"end":{"line":28,"column":22}},"28":{"start":{"line":29,"column":0},"end":{"line":29,"column":26}},"29":{"start":{"line":30,"column":0},"end":{"line":30,"column":4}},"30":{"start":{"line":31,"column":0},"end":{"line":31,"column":3}}},"s":{"0":1,"1":1,"2":1,"3":1,"4":1,"5":1,"6":1,"7":1,"8":1,"9":1,"10":1,"11":2,"12":0,"13":0,"14":2,"15":2,"16":1,"17":1,"18":1,"19":1,"20":1,"21":1,"22":2,"23":2,"24":1,"25":1,"26":1,"27":1,"28":1,"29":1,"30":2},"branchMap":{"0":{"type":"branch","line":11,"loc":{"start":{"line":11,"column":15},"end":{"line":31,"column":3}},"locations":[{"start":{"line":11,"column":15},"end":{"line":31,"column":3}}]},"1":{"type":"branch","line":16,"loc":{"start":{"line":16,"column":2},"end":{"line":22,"column":4}},"locations":[{"start":{"line":16,"column":2},"end":{"line":22,"column":4}}]},"2":{"type":"branch","line":24,"loc":{"start":{"line":24,"column":2},"end":{"line":30,"column":4}},"locations":[{"start":{"line":24,"column":2},"end":{"line":30,"column":4}}]}},"b":{"0":[2],"1":[1],"2":[1]},"fnMap":{"0":{"name":"__vite_ssr_exports__.default","decl":{"start":{"line":11,"column":15},"end":{"line":31,"column":3}},"loc":{"start":{"line":11,"column":15},"end":{"line":31,"column":3}},"line":11},"1":{"name":"findAll","decl":{"start":{"line":12,"column":2},"end":{"line":14,"column":4}},"loc":{"start":{"line":12,"column":2},"end":{"line":14,"column":4}},"line":12},"2":{"name":"findUrl","decl":{"start":{"line":16,"column":2},"end":{"line":22,"column":4}},"loc":{"start":{"line":16,"column":2},"end":{"line":22,"column":4}},"line":16},"3":{"name":"create","decl":{"start":{"line":24,"column":2},"end":{"line":30,"column":4}},"loc":{"start":{"line":24,"column":2},"end":{"line":30,"column":4}},"line":24}},"f":{"0":2,"1":0,"2":1,"3":1}}
,"/mnt/c/Users/stani/OneDrive/Desktop/Turing College/Module 3/Sprint 2/Part-5/Discord-Bot-REST-API/src/modules/gifs/schema.ts": {"path":"/mnt/c/Users/stani/OneDrive/Desktop/Turing College/Module 3/Sprint 2/Part-5/Discord-Bot-REST-API/src/modules/gifs/schema.ts","all":false,"statementMap":{"0":{"start":{"line":1,"column":0},"end":{"line":1,"column":24}},"1":{"start":{"line":2,"column":0},"end":{"line":2,"column":39}},"2":{"start":{"line":3,"column":0},"end":{"line":3,"column":0}},"3":{"start":{"line":4,"column":0},"end":{"line":4,"column":25}},"4":{"start":{"line":5,"column":0},"end":{"line":5,"column":41}},"5":{"start":{"line":6,"column":0},"end":{"line":6,"column":21}},"6":{"start":{"line":7,"column":0},"end":{"line":7,"column":3}},"7":{"start":{"line":8,"column":0},"end":{"line":8,"column":0}},"8":{"start":{"line":9,"column":0},"end":{"line":9,"column":45}},"9":{"start":{"line":10,"column":0},"end":{"line":10,"column":0}},"10":{"start":{"line":11,"column":0},"end":{"line":11,"column":40}},"11":{"start":{"line":12,"column":0},"end":{"line":12,"column":0}},"12":{"start":{"line":13,"column":0},"end":{"line":13,"column":57}},"13":{"start":{"line":14,"column":0},"end":{"line":14,"column":0}},"14":{"start":{"line":15,"column":0},"end":{"line":15,"column":71}},"15":{"start":{"line":16,"column":0},"end":{"line":16,"column":0}},"16":{"start":{"line":17,"column":0},"end":{"line":17,"column":80}},"17":{"start":{"line":18,"column":0},"end":{"line":18,"column":15}},"18":{"start":{"line":19,"column":0},"end":{"line":19,"column":5}}},"s":{"0":1,"1":1,"2":1,"3":1,"4":1,"5":1,"6":1,"7":1,"8":1,"9":1,"10":1,"11":1,"12":1,"13":1,"14":1,"15":1,"16":1,"17":1,"18":1},"branchMap":{},"b":{},"fnMap":{"0":{"name":"parse","decl":{"start":{"line":13,"column":21},"end":{"line":13,"column":57}},"loc":{"start":{"line":13,"column":21},"end":{"line":13,"column":57}},"line":13},"1":{"name":"parseUpdateable","decl":{"start":{"line":15,"column":31},"end":{"line":15,"column":71}},"loc":{"start":{"line":15,"column":31},"end":{"line":15,"column":71}},"line":15}},"f":{"0":0,"1":0}}
,"/mnt/c/Users/stani/OneDrive/Desktop/Turing College/Module 3/Sprint 2/Part-5/Discord-Bot-REST-API/src/modules/gifs/tests/utils.ts": {"path":"/mnt/c/Users/stani/OneDrive/Desktop/Turing College/Module 3/Sprint 2/Part-5/Discord-Bot-REST-API/src/modules/gifs/tests/utils.ts","all":false,"statementMap":{"0":{"start":{"line":1,"column":0},"end":{"line":1,"column":41}},"1":{"start":{"line":2,"column":0},"end":{"line":2,"column":39}},"2":{"start":{"line":3,"column":0},"end":{"line":3,"column":0}},"3":{"start":{"line":4,"column":0},"end":{"line":4,"column":27}},"4":{"start":{"line":5,"column":0},"end":{"line":5,"column":43}},"5":{"start":{"line":6,"column":0},"end":{"line":6,"column":25}},"6":{"start":{"line":7,"column":0},"end":{"line":7,"column":8}},"7":{"start":{"line":8,"column":0},"end":{"line":8,"column":21}},"8":{"start":{"line":9,"column":0},"end":{"line":9,"column":3}},"9":{"start":{"line":10,"column":0},"end":{"line":10,"column":0}},"10":{"start":{"line":11,"column":0},"end":{"line":11,"column":75}},"11":{"start":{"line":12,"column":0},"end":{"line":12,"column":8}},"12":{"start":{"line":13,"column":0},"end":{"line":13,"column":15}},"13":{"start":{"line":14,"column":0},"end":{"line":14,"column":27}},"14":{"start":{"line":15,"column":0},"end":{"line":15,"column":3}}},"s":{"0":1,"1":1,"2":1,"3":1,"4":5,"5":5,"6":5,"7":5,"8":5,"9":1,"10":1,"11":0,"12":0,"13":0,"14":0},"branchMap":{"0":{"type":"branch","line":4,"loc":{"start":{"line":4,"column":26},"end":{"line":9,"column":3}},"locations":[{"start":{"line":4,"column":26},"end":{"line":9,"column":3}}]}},"b":{"0":[5]},"fnMap":{"0":{"name":"gifFactory","decl":{"start":{"line":4,"column":26},"end":{"line":9,"column":3}},"loc":{"start":{"line":4,"column":26},"end":{"line":9,"column":3}},"line":4},"1":{"name":"gifMatcher","decl":{"start":{"line":11,"column":26},"end":{"line":15,"column":3}},"loc":{"start":{"line":11,"column":26},"end":{"line":15,"column":3}},"line":11}},"f":{"0":5,"1":0}}
,"/mnt/c/Users/stani/OneDrive/Desktop/Turing College/Module 3/Sprint 2/Part-5/Discord-Bot-REST-API/src/modules/giphy/getGifUrl.ts": {"path":"/mnt/c/Users/stani/OneDrive/Desktop/Turing College/Module 3/Sprint 2/Part-5/Discord-Bot-REST-API/src/modules/giphy/getGifUrl.ts","all":false,"statementMap":{"0":{"start":{"line":1,"column":0},"end":{"line":1,"column":52}},"1":{"start":{"line":2,"column":0},"end":{"line":2,"column":48}},"2":{"start":{"line":3,"column":0},"end":{"line":3,"column":28}},"3":{"start":{"line":4,"column":0},"end":{"line":4,"column":31}},"4":{"start":{"line":5,"column":0},"end":{"line":5,"column":0}},"5":{"start":{"line":6,"column":0},"end":{"line":6,"column":16}},"6":{"start":{"line":7,"column":0},"end":{"line":7,"column":0}},"7":{"start":{"line":8,"column":0},"end":{"line":8,"column":24}},"8":{"start":{"line":9,"column":0},"end":{"line":9,"column":41}},"9":{"start":{"line":10,"column":0},"end":{"line":10,"column":0}},"10":{"start":{"line":11,"column":0},"end":{"line":11,"column":13}},"11":{"start":{"line":12,"column":0},"end":{"line":12,"column":61}},"12":{"start":{"line":13,"column":0},"end":{"line":13,"column":41}},"13":{"start":{"line":14,"column":0},"end":{"line":14,"column":24}},"14":{"start":{"line":15,"column":0},"end":{"line":15,"column":25}},"15":{"start":{"line":16,"column":0},"end":{"line":16,"column":27}},"16":{"start":{"line":17,"column":0},"end":{"line":17,"column":26}},"17":{"start":{"line":18,"column":0},"end":{"line":18,"column":45}},"18":{"start":{"line":19,"column":0},"end":{"line":19,"column":31}},"19":{"start":{"line":20,"column":0},"end":{"line":20,"column":20}},"20":{"start":{"line":21,"column":0},"end":{"line":21,"column":14}},"21":{"start":{"line":22,"column":0},"end":{"line":22,"column":14}},"22":{"start":{"line":23,"column":0},"end":{"line":23,"column":16}},"23":{"start":{"line":24,"column":0},"end":{"line":24,"column":2}},"24":{"start":{"line":25,"column":0},"end":{"line":25,"column":0}},"25":{"start":{"line":26,"column":0},"end":{"line":26,"column":25}},"26":{"start":{"line":27,"column":0},"end":{"line":27,"column":56}},"27":{"start":{"line":28,"column":0},"end":{"line":28,"column":7}},"28":{"start":{"line":29,"column":0},"end":{"line":29,"column":18}},"29":{"start":{"line":30,"column":0},"end":{"line":30,"column":77}},"30":{"start":{"line":31,"column":0},"end":{"line":31,"column":5}},"31":{"start":{"line":32,"column":0},"end":{"line":32,"column":0}},"32":{"start":{"line":33,"column":0},"end":{"line":33,"column":48}},"33":{"start":{"line":34,"column":0},"end":{"line":34,"column":30}},"34":{"start":{"line":35,"column":0},"end":{"line":35,"column":66}},"35":{"start":{"line":36,"column":0},"end":{"line":36,"column":0}},"36":{"start":{"line":37,"column":0},"end":{"line":37,"column":16}},"37":{"start":{"line":38,"column":0},"end":{"line":38,"column":33}},"38":{"start":{"line":39,"column":0},"end":{"line":39,"column":153}},"39":{"start":{"line":40,"column":0},"end":{"line":40,"column":6}},"40":{"start":{"line":41,"column":0},"end":{"line":41,"column":0}},"41":{"start":{"line":42,"column":0},"end":{"line":42,"column":15}},"42":{"start":{"line":43,"column":0},"end":{"line":43,"column":39}},"43":{"start":{"line":44,"column":0},"end":{"line":44,"column":0}},"44":{"start":{"line":45,"column":0},"end":{"line":45,"column":56}},"45":{"start":{"line":46,"column":0},"end":{"line":46,"column":58}},"46":{"start":{"line":47,"column":0},"end":{"line":47,"column":5}},"47":{"start":{"line":48,"column":0},"end":{"line":48,"column":0}},"48":{"start":{"line":49,"column":0},"end":{"line":49,"column":57}},"49":{"start":{"line":50,"column":0},"end":{"line":50,"column":26}},"50":{"start":{"line":51,"column":0},"end":{"line":51,"column":19}},"51":{"start":{"line":52,"column":0},"end":{"line":52,"column":33}},"52":{"start":{"line":53,"column":0},"end":{"line":53,"column":16}},"53":{"start":{"line":54,"column":0},"end":{"line":54,"column":50}},"54":{"start":{"line":55,"column":0},"end":{"line":55,"column":40}},"55":{"start":{"line":56,"column":0},"end":{"line":56,"column":12}},"56":{"start":{"line":57,"column":0},"end":{"line":57,"column":16}},"57":{"start":{"line":58,"column":0},"end":{"line":58,"column":50}},"58":{"start":{"line":59,"column":0},"end":{"line":59,"column":55}},"59":{"start":{"line":60,"column":0},"end":{"line":60,"column":5}},"60":{"start":{"line":61,"column":0},"end":{"line":61,"column":3}},"61":{"start":{"line":62,"column":0},"end":{"line":62,"column":3}},"62":{"start":{"line":63,"column":0},"end":{"line":63,"column":0}},"63":{"start":{"line":64,"column":0},"end":{"line":64,"column":22}}},"s":{"0":1,"1":1,"2":1,"3":1,"4":1,"5":1,"6":1,"7":1,"8":1,"9":1,"10":1,"11":1,"12":1,"13":1,"14":1,"15":1,"16":1,"17":1,"18":1,"19":1,"20":1,"21":1,"22":1,"23":1,"24":1,"25":1,"26":1,"27":1,"28":1,"29":0,"30":0,"31":1,"32":1,"33":1,"34":1,"35":1,"36":1,"37":1,"38":1,"39":1,"40":1,"41":1,"42":1,"43":1,"44":1,"45":0,"46":0,"47":1,"48":1,"49":1,"50":1,"51":0,"52":0,"53":0,"54":0,"55":0,"56":0,"57":0,"58":0,"59":0,"60":0,"61":1,"62":1,"63":1},"branchMap":{"0":{"type":"branch","line":27,"loc":{"start":{"line":27,"column":16},"end":{"line":62,"column":3}},"locations":[{"start":{"line":27,"column":16},"end":{"line":62,"column":3}}]},"1":{"type":"branch","line":29,"loc":{"start":{"line":29,"column":17},"end":{"line":31,"column":5}},"locations":[{"start":{"line":29,"column":17},"end":{"line":31,"column":5}}]},"2":{"type":"branch","line":45,"loc":{"start":{"line":45,"column":55},"end":{"line":47,"column":5}},"locations":[{"start":{"line":45,"column":55},"end":{"line":47,"column":5}}]},"3":{"type":"branch","line":51,"loc":{"start":{"line":51,"column":2},"end":{"line":61,"column":3}},"locations":[{"start":{"line":51,"column":2},"end":{"line":61,"column":3}}]},"4":{"type":"branch","line":49,"loc":{"start":{"line":49,"column":34},"end":{"line":49,"column":55}},"locations":[{"start":{"line":49,"column":34},"end":{"line":49,"column":55}}]}},"b":{"0":[1],"1":[0],"2":[0],"3":[0],"4":[1]},"fnMap":{},"f":{}}
,"/mnt/c/Users/stani/OneDrive/Desktop/Turing College/Module 3/Sprint 2/Part-5/Discord-Bot-REST-API/src/modules/messages/controller.ts": {"path":"/mnt/c/Users/stani/OneDrive/Desktop/Turing College/Module 3/Sprint 2/Part-5/Discord-Bot-REST-API/src/modules/messages/controller.ts","all":false,"statementMap":{"0":{"start":{"line":1,"column":0},"end":{"line":1,"column":33}},"1":{"start":{"line":2,"column":0},"end":{"line":2,"column":48}},"2":{"start":{"line":3,"column":0},"end":{"line":3,"column":46}},"3":{"start":{"line":4,"column":0},"end":{"line":4,"column":38}},"4":{"start":{"line":5,"column":0},"end":{"line":5,"column":47}},"5":{"start":{"line":6,"column":0},"end":{"line":6,"column":46}},"6":{"start":{"line":7,"column":0},"end":{"line":7,"column":48}},"7":{"start":{"line":8,"column":0},"end":{"line":8,"column":52}},"8":{"start":{"line":9,"column":0},"end":{"line":9,"column":48}},"9":{"start":{"line":10,"column":0},"end":{"line":10,"column":64}},"10":{"start":{"line":11,"column":0},"end":{"line":11,"column":64}},"11":{"start":{"line":12,"column":0},"end":{"line":12,"column":72}},"12":{"start":{"line":13,"column":0},"end":{"line":13,"column":68}},"13":{"start":{"line":14,"column":0},"end":{"line":14,"column":79}},"14":{"start":{"line":15,"column":0},"end":{"line":15,"column":75}},"15":{"start":{"line":16,"column":0},"end":{"line":16,"column":48}},"16":{"start":{"line":17,"column":0},"end":{"line":17,"column":61}},"17":{"start":{"line":18,"column":0},"end":{"line":18,"column":0}},"18":{"start":{"line":19,"column":0},"end":{"line":19,"column":34}},"19":{"start":{"line":20,"column":0},"end":{"line":20,"column":26}},"20":{"start":{"line":21,"column":0},"end":{"line":21,"column":42}},"21":{"start":{"line":22,"column":0},"end":{"line":22,"column":0}},"22":{"start":{"line":23,"column":0},"end":{"line":23,"column":8}},"23":{"start":{"line":24,"column":0},"end":{"line":24,"column":15}},"24":{"start":{"line":25,"column":0},"end":{"line":25,"column":9}},"25":{"start":{"line":26,"column":0},"end":{"line":26,"column":37}},"26":{"start":{"line":27,"column":0},"end":{"line":27,"column":13}},"27":{"start":{"line":28,"column":0},"end":{"line":28,"column":56}},"28":{"start":{"line":29,"column":0},"end":{"line":29,"column":54}},"29":{"start":{"line":30,"column":0},"end":{"line":30,"column":0}},"30":{"start":{"line":31,"column":0},"end":{"line":31,"column":39}},"31":{"start":{"line":32,"column":0},"end":{"line":32,"column":34}},"32":{"start":{"line":33,"column":0},"end":{"line":33,"column":57}},"33":{"start":{"line":34,"column":0},"end":{"line":34,"column":0}},"34":{"start":{"line":35,"column":0},"end":{"line":35,"column":31}},"35":{"start":{"line":36,"column":0},"end":{"line":36,"column":24}},"36":{"start":{"line":37,"column":0},"end":{"line":37,"column":46}},"37":{"start":{"line":38,"column":0},"end":{"line":38,"column":55}},"38":{"start":{"line":39,"column":0},"end":{"line":39,"column":13}},"39":{"start":{"line":40,"column":0},"end":{"line":40,"column":0}},"40":{"start":{"line":41,"column":0},"end":{"line":41,"column":64}},"41":{"start":{"line":42,"column":0},"end":{"line":42,"column":32}},"42":{"start":{"line":43,"column":0},"end":{"line":43,"column":49}},"43":{"start":{"line":44,"column":0},"end":{"line":44,"column":60}},"44":{"start":{"line":45,"column":0},"end":{"line":45,"column":0}},"45":{"start":{"line":46,"column":0},"end":{"line":46,"column":29}},"46":{"start":{"line":47,"column":0},"end":{"line":47,"column":59}},"47":{"start":{"line":48,"column":0},"end":{"line":48,"column":64}},"48":{"start":{"line":49,"column":0},"end":{"line":49,"column":0}},"49":{"start":{"line":50,"column":0},"end":{"line":50,"column":56}},"50":{"start":{"line":51,"column":0},"end":{"line":51,"column":24}},"51":{"start":{"line":52,"column":0},"end":{"line":52,"column":46}},"52":{"start":{"line":53,"column":0},"end":{"line":53,"column":64}},"53":{"start":{"line":54,"column":0},"end":{"line":54,"column":33}},"54":{"start":{"line":55,"column":0},"end":{"line":55,"column":76}},"55":{"start":{"line":56,"column":0},"end":{"line":56,"column":20}},"56":{"start":{"line":57,"column":0},"end":{"line":57,"column":24}},"57":{"start":{"line":58,"column":0},"end":{"line":58,"column":46}},"58":{"start":{"line":59,"column":0},"end":{"line":59,"column":63}},"59":{"start":{"line":60,"column":0},"end":{"line":60,"column":13}},"60":{"start":{"line":61,"column":0},"end":{"line":61,"column":32}},"61":{"start":{"line":62,"column":0},"end":{"line":62,"column":51}},"62":{"start":{"line":63,"column":0},"end":{"line":63,"column":63}},"63":{"start":{"line":64,"column":0},"end":{"line":64,"column":0}},"64":{"start":{"line":65,"column":0},"end":{"line":65,"column":42}},"65":{"start":{"line":66,"column":0},"end":{"line":66,"column":43}},"66":{"start":{"line":67,"column":0},"end":{"line":67,"column":26}},"67":{"start":{"line":68,"column":0},"end":{"line":68,"column":41}},"68":{"start":{"line":69,"column":0},"end":{"line":69,"column":25}},"69":{"start":{"line":70,"column":0},"end":{"line":70,"column":85}},"70":{"start":{"line":71,"column":0},"end":{"line":71,"column":21}},"71":{"start":{"line":72,"column":0},"end":{"line":72,"column":37}},"72":{"start":{"line":73,"column":0},"end":{"line":73,"column":79}},"73":{"start":{"line":74,"column":0},"end":{"line":74,"column":15}},"74":{"start":{"line":75,"column":0},"end":{"line":75,"column":20}},"75":{"start":{"line":76,"column":0},"end":{"line":76,"column":24}},"76":{"start":{"line":77,"column":0},"end":{"line":77,"column":46}},"77":{"start":{"line":78,"column":0},"end":{"line":78,"column":60}},"78":{"start":{"line":79,"column":0},"end":{"line":79,"column":13}},"79":{"start":{"line":80,"column":0},"end":{"line":80,"column":11}},"80":{"start":{"line":81,"column":0},"end":{"line":81,"column":25}},"81":{"start":{"line":82,"column":0},"end":{"line":82,"column":79}},"82":{"start":{"line":83,"column":0},"end":{"line":83,"column":9}},"83":{"start":{"line":84,"column":0},"end":{"line":84,"column":8}},"84":{"start":{"line":85,"column":0},"end":{"line":85,"column":5}},"85":{"start":{"line":86,"column":0},"end":{"line":86,"column":31}},"86":{"start":{"line":87,"column":0},"end":{"line":87,"column":11}},"87":{"start":{"line":88,"column":0},"end":{"line":88,"column":80}},"88":{"start":{"line":89,"column":0},"end":{"line":89,"column":0}},"89":{"start":{"line":90,"column":0},"end":{"line":90,"column":27}},"90":{"start":{"line":91,"column":0},"end":{"line":91,"column":60}},"91":{"start":{"line":92,"column":0},"end":{"line":92,"column":22}},"92":{"start":{"line":93,"column":0},"end":{"line":93,"column":20}},"93":{"start":{"line":94,"column":0},"end":{"line":94,"column":42}},"94":{"start":{"line":95,"column":0},"end":{"line":95,"column":56}},"95":{"start":{"line":96,"column":0},"end":{"line":96,"column":9}},"96":{"start":{"line":97,"column":0},"end":{"line":97,"column":48}},"97":{"start":{"line":98,"column":0},"end":{"line":98,"column":0}},"98":{"start":{"line":99,"column":0},"end":{"line":99,"column":29}},"99":{"start":{"line":100,"column":0},"end":{"line":100,"column":51}},"100":{"start":{"line":101,"column":0},"end":{"line":101,"column":29}},"101":{"start":{"line":102,"column":0},"end":{"line":102,"column":20}},"102":{"start":{"line":103,"column":0},"end":{"line":103,"column":42}},"103":{"start":{"line":104,"column":0},"end":{"line":104,"column":73}},"104":{"start":{"line":105,"column":0},"end":{"line":105,"column":9}},"105":{"start":{"line":106,"column":0},"end":{"line":106,"column":0}},"106":{"start":{"line":107,"column":0},"end":{"line":107,"column":53}},"107":{"start":{"line":108,"column":0},"end":{"line":108,"column":32}},"108":{"start":{"line":109,"column":0},"end":{"line":109,"column":70}},"109":{"start":{"line":110,"column":0},"end":{"line":110,"column":0}},"110":{"start":{"line":111,"column":0},"end":{"line":111,"column":26}},"111":{"start":{"line":112,"column":0},"end":{"line":112,"column":22}},"112":{"start":{"line":113,"column":0},"end":{"line":113,"column":44}},"113":{"start":{"line":114,"column":0},"end":{"line":114,"column":62}},"114":{"start":{"line":115,"column":0},"end":{"line":115,"column":11}},"115":{"start":{"line":116,"column":0},"end":{"line":116,"column":44}},"116":{"start":{"line":117,"column":0},"end":{"line":117,"column":9}},"117":{"start":{"line":118,"column":0},"end":{"line":118,"column":0}},"118":{"start":{"line":119,"column":0},"end":{"line":119,"column":18}},"119":{"start":{"line":120,"column":0},"end":{"line":120,"column":41}},"120":{"start":{"line":121,"column":0},"end":{"line":121,"column":19}},"121":{"start":{"line":122,"column":0},"end":{"line":122,"column":20}},"122":{"start":{"line":123,"column":0},"end":{"line":123,"column":42}},"123":{"start":{"line":124,"column":0},"end":{"line":124,"column":47}},"124":{"start":{"line":125,"column":0},"end":{"line":125,"column":9}},"125":{"start":{"line":126,"column":0},"end":{"line":126,"column":0}},"126":{"start":{"line":127,"column":0},"end":{"line":127,"column":105}},"127":{"start":{"line":128,"column":0},"end":{"line":128,"column":0}},"128":{"start":{"line":129,"column":0},"end":{"line":129,"column":38}},"129":{"start":{"line":130,"column":0},"end":{"line":130,"column":56}},"130":{"start":{"line":131,"column":0},"end":{"line":131,"column":20}},"131":{"start":{"line":132,"column":0},"end":{"line":132,"column":31}},"132":{"start":{"line":133,"column":0},"end":{"line":133,"column":10}},"133":{"start":{"line":134,"column":0},"end":{"line":134,"column":0}},"134":{"start":{"line":135,"column":0},"end":{"line":135,"column":22}},"135":{"start":{"line":136,"column":0},"end":{"line":136,"column":20}},"136":{"start":{"line":137,"column":0},"end":{"line":137,"column":49}},"137":{"start":{"line":138,"column":0},"end":{"line":138,"column":59}},"138":{"start":{"line":139,"column":0},"end":{"line":139,"column":63}},"139":{"start":{"line":140,"column":0},"end":{"line":140,"column":57}},"140":{"start":{"line":141,"column":0},"end":{"line":141,"column":0}},"141":{"start":{"line":142,"column":0},"end":{"line":142,"column":70}},"142":{"start":{"line":143,"column":0},"end":{"line":143,"column":25}},"143":{"start":{"line":144,"column":0},"end":{"line":144,"column":25}},"144":{"start":{"line":145,"column":0},"end":{"line":145,"column":28}},"145":{"start":{"line":146,"column":0},"end":{"line":146,"column":26}},"146":{"start":{"line":147,"column":0},"end":{"line":147,"column":13}},"147":{"start":{"line":148,"column":0},"end":{"line":148,"column":0}},"148":{"start":{"line":149,"column":0},"end":{"line":149,"column":41}},"149":{"start":{"line":150,"column":0},"end":{"line":150,"column":54}},"150":{"start":{"line":151,"column":0},"end":{"line":151,"column":42}},"151":{"start":{"line":152,"column":0},"end":{"line":152,"column":66}},"152":{"start":{"line":153,"column":0},"end":{"line":153,"column":19}},"153":{"start":{"line":154,"column":0},"end":{"line":154,"column":19}},"154":{"start":{"line":155,"column":0},"end":{"line":155,"column":22}},"155":{"start":{"line":156,"column":0},"end":{"line":156,"column":22}},"156":{"start":{"line":157,"column":0},"end":{"line":157,"column":20}},"157":{"start":{"line":158,"column":0},"end":{"line":158,"column":14}},"158":{"start":{"line":159,"column":0},"end":{"line":159,"column":12}},"159":{"start":{"line":160,"column":0},"end":{"line":160,"column":0}},"160":{"start":{"line":161,"column":0},"end":{"line":161,"column":31}},"161":{"start":{"line":162,"column":0},"end":{"line":162,"column":71}},"162":{"start":{"line":163,"column":0},"end":{"line":163,"column":20}},"163":{"start":{"line":164,"column":0},"end":{"line":164,"column":82}},"164":{"start":{"line":165,"column":0},"end":{"line":165,"column":15}},"165":{"start":{"line":166,"column":0},"end":{"line":166,"column":11}},"166":{"start":{"line":167,"column":0},"end":{"line":167,"column":0}},"167":{"start":{"line":168,"column":0},"end":{"line":168,"column":58}},"168":{"start":{"line":169,"column":0},"end":{"line":169,"column":16}},"169":{"start":{"line":170,"column":0},"end":{"line":170,"column":20}},"170":{"start":{"line":171,"column":0},"end":{"line":171,"column":54}},"171":{"start":{"line":172,"column":0},"end":{"line":172,"column":71}},"172":{"start":{"line":173,"column":0},"end":{"line":173,"column":9}},"173":{"start":{"line":174,"column":0},"end":{"line":174,"column":23}},"174":{"start":{"line":175,"column":0},"end":{"line":175,"column":38}},"175":{"start":{"line":176,"column":0},"end":{"line":176,"column":65}},"176":{"start":{"line":177,"column":0},"end":{"line":177,"column":7}},"177":{"start":{"line":178,"column":0},"end":{"line":178,"column":7}},"178":{"start":{"line":179,"column":0},"end":{"line":179,"column":0}},"179":{"start":{"line":180,"column":0},"end":{"line":180,"column":16}},"180":{"start":{"line":181,"column":0},"end":{"line":181,"column":2}}},"s":{"0":1,"1":1,"2":1,"3":1,"4":1,"5":1,"6":1,"7":1,"8":1,"9":1,"10":1,"11":1,"12":1,"13":1,"14":1,"15":1,"16":1,"17":1,"18":1,"19":5,"20":5,"21":5,"22":5,"23":5,"24":5,"25":5,"26":2,"27":2,"28":2,"29":2,"30":2,"31":1,"32":1,"33":1,"34":1,"35":0,"36":0,"37":0,"38":0,"39":1,"40":1,"41":1,"42":1,"43":1,"44":1,"45":1,"46":1,"47":1,"48":1,"49":1,"50":0,"51":0,"52":0,"53":1,"54":1,"55":1,"56":0,"57":0,"58":0,"59":0,"60":1,"61":0,"62":0,"63":0,"64":0,"65":0,"66":0,"67":0,"68":0,"69":0,"70":0,"71":0,"72":0,"73":0,"74":0,"75":0,"76":0,"77":0,"78":0,"79":0,"80":2,"81":0,"82":0,"83":5,"84":5,"85":5,"86":1,"87":1,"88":1,"89":1,"90":1,"91":1,"92":1,"93":1,"94":1,"95":1,"96":0,"97":1,"98":1,"99":1,"100":0,"101":0,"102":0,"103":0,"104":0,"105":0,"106":0,"107":0,"108":0,"109":0,"110":0,"111":0,"112":0,"113":0,"114":0,"115":0,"116":0,"117":0,"118":0,"119":0,"120":0,"121":0,"122":0,"123":0,"124":0,"125":0,"126":0,"127":0,"128":0,"129":0,"130":0,"131":0,"132":0,"133":0,"134":0,"135":0,"136":0,"137":0,"138":0,"139":0,"140":0,"141":0,"142":0,"143":0,"144":0,"145":0,"146":0,"147":0,"148":0,"149":0,"150":0,"151":0,"152":0,"153":0,"154":0,"155":0,"156":0,"157":0,"158":0,"159":0,"160":0,"161":0,"162":0,"163":0,"164":0,"165":0,"166":0,"167":0,"168":0,"169":0,"170":0,"171":0,"172":0,"173":1,"174":0,"175":0,"176":0,"177":5,"178":5,"179":5,"180":5},"branchMap":{"0":{"type":"branch","line":19,"loc":{"start":{"line":19,"column":15},"end":{"line":181,"column":2}},"locations":[{"start":{"line":19,"column":15},"end":{"line":181,"column":2}}]},"1":{"type":"branch","line":26,"loc":{"start":{"line":26,"column":16},"end":{"line":84,"column":7}},"locations":[{"start":{"line":26,"column":16},"end":{"line":84,"column":7}}]},"2":{"type":"branch","line":31,"loc":{"start":{"line":31,"column":15},"end":{"line":31,"column":38}},"locations":[{"start":{"line":31,"column":15},"end":{"line":31,"column":38}}]},"3":{"type":"branch","line":31,"loc":{"start":{"line":31,"column":38},"end":{"line":80,"column":11}},"locations":[{"start":{"line":31,"column":38},"end":{"line":80,"column":11}}]},"4":{"type":"branch","line":35,"loc":{"start":{"line":35,"column":30},"end":{"line":39,"column":13}},"locations":[{"start":{"line":35,"column":30},"end":{"line":39,"column":13}}]},"5":{"type":"branch","line":50,"loc":{"start":{"line":50,"column":55},"end":{"line":54,"column":23}},"locations":[{"start":{"line":50,"column":55},"end":{"line":54,"column":23}}]},"6":{"type":"branch","line":56,"loc":{"start":{"line":56,"column":12},"end":{"line":60,"column":13}},"locations":[{"start":{"line":56,"column":12},"end":{"line":60,"column":13}}]},"7":{"type":"branch","line":61,"loc":{"start":{"line":61,"column":10},"end":{"line":80,"column":11}},"locations":[{"start":{"line":61,"column":10},"end":{"line":80,"column":11}}]},"8":{"type":"branch","line":81,"loc":{"start":{"line":81,"column":8},"end":{"line":83,"column":9}},"locations":[{"start":{"line":81,"column":8},"end":{"line":83,"column":9}}]},"9":{"type":"branch","line":86,"loc":{"start":{"line":86,"column":10},"end":{"line":178,"column":5}},"locations":[{"start":{"line":86,"column":10},"end":{"line":178,"column":5}}]},"10":{"type":"branch","line":96,"loc":{"start":{"line":96,"column":8},"end":{"line":97,"column":48}},"locations":[{"start":{"line":96,"column":8},"end":{"line":97,"column":48}}]},"11":{"type":"branch","line":100,"loc":{"start":{"line":100,"column":49},"end":{"line":173,"column":9}},"locations":[{"start":{"line":100,"column":49},"end":{"line":173,"column":9}}]},"12":{"type":"branch","line":174,"loc":{"start":{"line":174,"column":6},"end":{"line":177,"column":7}},"locations":[{"start":{"line":174,"column":6},"end":{"line":177,"column":7}}]}},"b":{"0":[5],"1":[2],"2":[1],"3":[1],"4":[0],"5":[0],"6":[0],"7":[0],"8":[0],"9":[1],"10":[0],"11":[0],"12":[0]},"fnMap":{"0":{"name":"__vite_ssr_exports__.default","decl":{"start":{"line":19,"column":15},"end":{"line":181,"column":2}},"loc":{"start":{"line":19,"column":15},"end":{"line":181,"column":2}},"line":19}},"f":{"0":5}}
,"/mnt/c/Users/stani/OneDrive/Desktop/Turing College/Module 3/Sprint 2/Part-5/Discord-Bot-REST-API/src/modules/messages/repository.ts": {"path":"/mnt/c/Users/stani/OneDrive/Desktop/Turing College/Module 3/Sprint 2/Part-5/Discord-Bot-REST-API/src/modules/messages/repository.ts","all":false,"statementMap":{"0":{"start":{"line":1,"column":0},"end":{"line":1,"column":65}},"1":{"start":{"line":2,"column":0},"end":{"line":2,"column":32}},"2":{"start":{"line":3,"column":0},"end":{"line":3,"column":65}},"3":{"start":{"line":4,"column":0},"end":{"line":4,"column":0}},"4":{"start":{"line":5,"column":0},"end":{"line":5,"column":33}},"5":{"start":{"line":6,"column":0},"end":{"line":6,"column":28}},"6":{"start":{"line":7,"column":0},"end":{"line":7,"column":36}},"7":{"start":{"line":8,"column":0},"end":{"line":8,"column":42}},"8":{"start":{"line":9,"column":0},"end":{"line":9,"column":42}},"9":{"start":{"line":10,"column":0},"end":{"line":10,"column":33}},"10":{"start":{"line":11,"column":0},"end":{"line":11,"column":0}},"11":{"start":{"line":12,"column":0},"end":{"line":12,"column":35}},"12":{"start":{"line":13,"column":0},"end":{"line":13,"column":35}},"13":{"start":{"line":14,"column":0},"end":{"line":14,"column":55}},"14":{"start":{"line":15,"column":0},"end":{"line":15,"column":4}},"15":{"start":{"line":16,"column":0},"end":{"line":16,"column":0}},"16":{"start":{"line":17,"column":0},"end":{"line":17,"column":56}},"17":{"start":{"line":18,"column":0},"end":{"line":18,"column":13}},"18":{"start":{"line":19,"column":0},"end":{"line":19,"column":24}},"19":{"start":{"line":20,"column":0},"end":{"line":20,"column":19}},"20":{"start":{"line":21,"column":0},"end":{"line":21,"column":27}},"21":{"start":{"line":22,"column":0},"end":{"line":22,"column":26}},"22":{"start":{"line":23,"column":0},"end":{"line":23,"column":4}},"23":{"start":{"line":24,"column":0},"end":{"line":24,"column":0}},"24":{"start":{"line":25,"column":0},"end":{"line":25,"column":62}},"25":{"start":{"line":26,"column":0},"end":{"line":26,"column":13}},"26":{"start":{"line":27,"column":0},"end":{"line":27,"column":24}},"27":{"start":{"line":28,"column":0},"end":{"line":28,"column":19}},"28":{"start":{"line":29,"column":0},"end":{"line":29,"column":38}},"29":{"start":{"line":30,"column":0},"end":{"line":30,"column":26}},"30":{"start":{"line":31,"column":0},"end":{"line":31,"column":4}},"31":{"start":{"line":32,"column":0},"end":{"line":32,"column":0}},"32":{"start":{"line":33,"column":0},"end":{"line":33,"column":62}},"33":{"start":{"line":34,"column":0},"end":{"line":34,"column":13}},"34":{"start":{"line":35,"column":0},"end":{"line":35,"column":24}},"35":{"start":{"line":36,"column":0},"end":{"line":36,"column":22}},"36":{"start":{"line":37,"column":0},"end":{"line":37,"column":22}},"37":{"start":{"line":38,"column":0},"end":{"line":38,"column":26}},"38":{"start":{"line":39,"column":0},"end":{"line":39,"column":4}},"39":{"start":{"line":40,"column":0},"end":{"line":40,"column":0}},"40":{"start":{"line":41,"column":0},"end":{"line":41,"column":74}},"41":{"start":{"line":42,"column":0},"end":{"line":42,"column":44}},"42":{"start":{"line":43,"column":0},"end":{"line":43,"column":31}},"43":{"start"
[...]
,"/mnt/c/Users/stani/OneDrive/Desktop/Turing College/Module 3/Sprint 2/Part-5/Discord-Bot-REST-API/src/modules/templates/schema.ts": {"path":"/mnt/c/Users/stani/OneDrive/Desktop/Turing College/Module 3/Sprint 2/Part-5/Discord-Bot-REST-API/src/modules/templates/schema.ts","all":false,"statementMap":{"0":{"start":{"line":1,"column":0},"end":{"line":1,"column":24}},"1":{"start":{"line":2,"column":0},"end":{"line":2,"column":51}},"2":{"start":{"line":3,"column":0},"end":{"line":3,"column":0}},"3":{"start":{"line":4,"column":0},"end":{"line":4,"column":32}},"4":{"start":{"line":5,"column":0},"end":{"line":5,"column":25}},"5":{"start":{"line":6,"column":0},"end":{"line":6,"column":41}},"6":{"start":{"line":7,"column":0},"end":{"line":7,"column":23}},"7":{"start":{"line":8,"column":0},"end":{"line":8,"column":3}},"8":{"start":{"line":9,"column":0},"end":{"line":9,"column":0}},"9":{"start":{"line":10,"column":0},"end":{"line":10,"column":44}},"10":{"start":{"line":11,"column":0},"end":{"line":11,"column":45}},"11":{"start":{"line":12,"column":0},"end":{"line":12,"column":0}},"12":{"start":{"line":13,"column":0},"end":{"line":13,"column":48}},"13":{"start":{"line":14,"column":0},"end":{"line":14,"column":40}},"14":{"start":{"line":15,"column":0},"end":{"line":15,"column":0}},"15":{"start":{"line":16,"column":0},"end":{"line":16,"column":41}},"16":{"start":{"line":17,"column":0},"end":{"line":17,"column":44}},"17":{"start":{"line":18,"column":0},"end":{"line":18,"column":52}},"18":{"start":{"line":19,"column":0},"end":{"line":19,"column":49}},"19":{"start":{"line":20,"column":0},"end":{"line":20,"column":3}},"20":{"start":{"line":21,"column":0},"end":{"line":21,"column":24}},"21":{"start":{"line":22,"column":0},"end":{"line":22,"column":2}},"22":{"start":{"line":23,"column":0},"end":{"line":23,"column":0}},"23":{"start":{"line":24,"column":0},"end":{"line":24,"column":73}},"24":{"start":{"line":25,"column":0},"end":{"line":25,"column":0}},"25":{"start":{"line":26,"column":0},"end":{"line":26,"column":66}},"26":{"start":{"line":27,"column":0},"end":{"line":27,"column":0}},"27":{"start":{"line":28,"column":0},"end":{"line":28,"column":73}},"28":{"start":{"line":29,"column":0},"end":{"line":29,"column":0}},"29":{"start":{"line":30,"column":0},"end":{"line":30,"column":51}},"30":{"start":{"line":31,"column":0},"end":{"line":31,"column":14}},"31":{"start":{"line":32,"column":0},"end":{"line":32,"column":38}}},"s":{"0":1,"1":1,"2":1,"3":1,"4":1,"5":1,"6":1,"7":1,"8":1,"9":1,"10":1,"11":1,"12":1,"13":1,"14":1,"15":1,"16":0,"17":0,"18":0,"19":0,"20":0,"21":0,"22":1,"23":1,"24":1,"25":1,"26":1,"27":1,"28":1,"29":1,"30":1,"31":1},"branchMap":{"0":{"type":"branch","line":24,"loc":{"start":{"line":24,"column":31},"end":{"line":24,"column":73}},"locations":[{"start":{"line":24,"column":31},"end":{"line":24,"column":73}}]},"1":{"type":"branch","line":26,"loc":{"start":{"line":26,"column":23},"end":{"line":26,"column":66}},"locations":[{"start":{"line":26,"column":23},"end":{"line":26,"column":66}}]},"2":{"type":"branch","line":28,"loc":{"start":{"line":28,"column":31},"end":{"line":28,"column":73}},"locations":[{"start":{"line":28,"column":31},"end":{"line":28,"column":73}}]}},"b":{"0":[1],"1":[2],"2":[1]},"fnMap":{"0":{"name":"parse","decl":{"start":{"line":16,"column":21},"end":{"line":22,"column":2}},"loc":{"start":{"line":16,"column":21},"end":{"line":22,"column":2}},"line":16},"1":{"name":"parseInsertable","decl":{"start":{"line":24,"column":31},"end":{"line":24,"column":73}},"loc":{"start":{"line":24,"column":31},"end":{"line":24,"column":73}},"line":24},"2":{"name":"parseId","decl":{"start":{"line":26,"column":23},"end":{"line":26,"column":66}},"loc":{"start":{"line":26,"column":23},"end":{"line":26,"column":66}},"line":26},"3":{"name":"parseUpdateable","decl":{"start":{"line":28,"column":31},"end":{"line":28,"column":73}},"loc":{"start":{"line":28,"column":31},"end":{"line":28,"column":73}},"line":28}},"f":{"0":0,"1":1,"2":2,"3":1}}
,"/mnt/c/Users/stani/OneDrive/Desktop/Turing College/Module 3/Sprint 2/Part-5/Discord-Bot-REST-API/src/modules/templates/tests/utils.ts": {"path":"/mnt/c/Users/stani/OneDrive/Desktop/Turing College/Module 3/Sprint 2/Part-5/Discord-Bot-REST-API/src/modules/templates/tests/utils.ts","all":false,"statementMap":{"0":{"start":{"line":1,"column":0},"end":{"line":1,"column":32}},"1":{"start":{"line":2,"column":0},"end":{"line":2,"column":41}},"2":{"start":{"line":3,"column":0},"end":{"line":3,"column":51}},"3":{"start":{"line":4,"column":0},"end":{"line":4,"column":0}},"4":{"start":{"line":5,"column":0},"end":{"line":5,"column":31}},"5":{"start":{"line":6,"column":0},"end":{"line":6,"column":55}},"6":{"start":{"line":7,"column":0},"end":{"line":7,"column":37}},"7":{"start":{"line":8,"column":0},"end":{"line":8,"column":44}},"8":{"start":{"line":9,"column":0},"end":{"line":9,"column":15}},"9":{"start":{"line":10,"column":0},"end":{"line":10,"column":3}},"10":{"start":{"line":11,"column":0},"end":{"line":11,"column":0}},"11":{"start":{"line":12,"column":0},"end":{"line":12,"column":35}},"12":{"start":{"line":13,"column":0},"end":{"line":13,"column":55}},"13":{"start":{"line":14,"column":0},"end":{"line":14,"column":25}},"14":{"start":{"line":15,"column":0},"end":{"line":15,"column":25}},"15":{"start":{"line":16,"column":0},"end":{"line":16,"column":31}},"16":{"start":{"line":17,"column":0},"end":{"line":17,"column":3}},"17":{"start":{"line":18,"column":0},"end":{"line":18,"column":0}},"18":{"start":{"line":19,"column":0},"end":{"line":19,"column":31}},"19":{"start":{"line":20,"column":0},"end":{"line":20,"column":55}},"20":{"start":{"line":21,"column":0},"end":{"line":21,"column":7}},"21":{"start":{"line":22,"column":0},"end":{"line":22,"column":25}},"22":{"start":{"line":23,"column":0},"end":{"line":23,"column":15}},"23":{"start":{"line":24,"column":0},"end":{"line":24,"column":31}},"24":{"start":{"line":25,"column":0},"end":{"line":25,"column":3}}},"s":{"0":1,"1":1,"2":1,"3":1,"4":1,"5":16,"6":16,"7":16,"8":16,"9":16,"10":1,"11":1,"12":0,"13":0,"14":0,"15":0,"16":0,"17":1,"18":1,"19":6,"20":6,"21":6,"22":6,"23":6,"24":6},"branchMap":{"0":{"type":"branch","line":5,"loc":{"start":{"line":5,"column":30},"end":{"line":10,"column":3}},"locations":[{"start":{"line":5,"column":30},"end":{"line":10,"column":3}}]},"1":{"type":"branch","line":19,"loc":{"start":{"line":19,"column":30},"end":{"line":25,"column":3}},"locations":[{"start":{"line":19,"column":30},"end":{"line":25,"column":3}}]}},"b":{"0":[16],"1":[6]},"fnMap":{"0":{"name":"messageFactory","decl":{"start":{"line":5,"column":30},"end":{"line":10,"column":3}},"loc":{"start":{"line":5,"column":30},"end":{"line":10,"column":3}},"line":5},"1":{"name":"messageFactoryFull","decl":{"start":{"line":12,"column":34},"end":{"line":17,"column":3}},"loc":{"start":{"line":12,"column":34},"end":{"line":17,"column":3}},"line":12},"2":{"name":"messageMatcher","decl":{"start":{"line":19,"column":30},"end":{"line":25,"column":3}},"loc":{"start":{"line":19,"column":30},"end":{"line":25,"column":3}},"line":19}},"f":{"0":16,"1":0,"2":6}}
,"/mnt/c/Users/stani/OneDrive/Desktop/Turing College/Module 3/Sprint 2/Part-5/Discord-Bot-REST-API/src/modules/users/repository.ts": {"path":"/mnt/c/Users/stani/OneDrive/Desktop/Turing College/Module 3/Sprint 2/Part-5/Discord-Bot-REST-API/src/modules/users/repository.ts","all":false,"statementMap":{"0":{"start":{"line":1,"column":0},"end":{"line":1,"column":65}},"1":{"start":{"line":2,"column":0},"end":{"line":2,"column":32}},"2":{"start":{"line":3,"column":0},"end":{"line":3,"column":50}},"3":{"start":{"line":4,"column":0},"end":{"line":4,"column":0}},"4":{"start":{"line":5,"column":0},"end":{"line":5,"column":22}},"5":{"start":{"line":6,"column":0},"end":{"line":6,"column":17}},"6":{"start":{"line":7,"column":0},"end":{"line":7,"column":36}},"7":{"start":{"line":8,"column":0},"end":{"line":8,"column":42}},"8":{"start":{"line":9,"column":0},"end":{"line":9,"column":33}},"9":{"start":{"line":10,"column":0},"end":{"line":10,"column":0}},"10":{"start":{"line":11,"column":0},"end":{"line":11,"column":53}},"11":{"start":{"line":12,"column":0},"end":{"line":12,"column":35}},"12":{"start":{"line":13,"column":0},"end":{"line":13,"column":55}},"13":{"start":{"line":14,"column":0},"end":{"line":14,"column":4}},"14":{"start":{"line":15,"column":0},"end":{"line":15,"column":0}},"15":{"start":{"line":16,"column":0},"end":{"line":16,"column":62}},"16":{"start":{"line":17,"column":0},"end":{"line":17,"column":13}},"17":{"start":{"line":18,"column":0},"end":{"line":18,"column":24}},"18":{"start":{"line":19,"column":0},"end":{"line":19,"column":19}},"19":{"start":{"line":20,"column":0},"end":{"line":20,"column":39}},"20":{"start":{"line":21,"column":0},"end":{"line":21,"column":26}},"21":{"start":{"line":22,"column":0},"end":{"line":22,"column":4}},"22":{"start":{"line":23,"column":0},"end":{"line":23,"column":0}},"23":{"start":{"line":24,"column":0},"end":{"line":24,"column":63}},"24":{"start":{"line":25,"column":0},"end":{"line":25,"column":13}},"25":{"start":{"line":26,"column":0},"end":{"line":26,"column":24}},"26":{"start":{"line":27,"column":0},"end":{"line":27,"column":23}},"27":{"start":{"line":28,"column":0},"end":{"line":28,"column":22}},"28":{"start":{"line":29,"column":0},"end":{"line":29,"column":26}},"29":{"start":{"line":30,"column":0},"end":{"line":30,"column":4}},"30":{"start":{"line":31,"column":0},"end":{"line":31,"column":3}}},"s":{"0":1,"1":1,"2":1,"3":1,"4":1,"5":1,"6":1,"7":1,"8":1,"9":1,"10":1,"11":6,"12":0,"13":0,"14":6,"15":6,"16":5,"17":5,"18":5,"19":5,"20":5,"21":5,"22":6,"23":6,"24":1,"25":1,"26":1,"27":1,"28":1,"29":1,"30":6},"branchMap":{"0":{"type":"branch","line":11,"loc":{"start":{"line":11,"column":15},"end":{"line":31,"column":3}},"locations":[{"start":{"line":11,"column":15},"end":{"line":31,"column":3}}]},"1":{"type":"branch","line":16,"loc":{"start":{"line":16,"column":2},"end":{"line":22,"column":4}},"locations":[{"start":{"line":16,"column":2},"end":{"line":22,"column":4}}]},"2":{"type":"branch","line":24,"loc":{"start":{"line":24,"column":2},"end":{"line":30,"column":4}},"locations":[{"start":{"line":24,"column":2},"end":{"line":30,"column":4}}]}},"b":{"0":[6],"1":[5],"2":[1]},"fnMap":{"0":{"name":"__vite_ssr_exports__.default","decl":{"start":{"line":11,"column":15},"end":{"line":31,"column":3}},"loc":{"start":{"line":11,"column":15},"end":{"line":31,"column":3}},"line":11},"1":{"name":"findAll","decl":{"start":{"line":12,"column":2},"end":{"line":14,"column":4}},"loc":{"start":{"line":12,"column":2},"end":{"line":14,"column":4}},"line":12},"2":{"name":"findUser","decl":{"start":{"line":16,"column":2},"end":{"line":22,"column":4}},"loc":{"start":{"line":16,"column":2},"end":{"line":22,"column":4}},"line":16},"3":{"name":"create","decl":{"start":{"line":24,"column":2},"end":{"line":30,"column":4}},"loc":{"start":{"line":24,"column":2},"end":{"line":30,"column":4}},"line":24}},"f":{"0":6,"1":0,"2":5,"3":1}}
,"/mnt/c/Users/stani/OneDrive/Desktop/Turing College/Module 3/Sprint 2/Part-5/Discord-Bot-REST-API/src/modules/users/schema.ts": {"path":"/mnt/c/Users/stani/OneDrive/Desktop/Turing College/Module 3/Sprint 2/Part-5/Discord-Bot-REST-API/src/modules/users/schema.ts","all":false,"statementMap":{"0":{"start":{"line":1,"column":0},"end":{"line":1,"column":24}},"1":{"start":{"line":2,"column":0},"end":{"line":2,"column":40}},"2":{"start":{"line":3,"column":0},"end":{"line":3,"column":0}},"3":{"start":{"line":4,"column":0},"end":{"line":4,"column":25}},"4":{"start":{"line":5,"column":0},"end":{"line":5,"column":41}},"5":{"start":{"line":6,"column":0},"end":{"line":6,"column":23}},"6":{"start":{"line":7,"column":0},"end":{"line":7,"column":3}},"7":{"start":{"line":8,"column":0},"end":{"line":8,"column":0}},"8":{"start":{"line":9,"column":0},"end":{"line":9,"column":45}},"9":{"start":{"line":10,"column":0},"end":{"line":10,"column":40}},"10":{"start":{"line":11,"column":0},"end":{"line":11,"column":0}},"11":{"start":{"line":12,"column":0},"end":{"line":12,"column":53}},"12":{"start":{"line":13,"column":0},"end":{"line":13,"column":0}},"13":{"start":{"line":14,"column":0},"end":{"line":14,"column":67}},"14":{"start":{"line":15,"column":0},"end":{"line":15,"column":0}},"15":{"start":{"line":16,"column":0},"end":{"line":16,"column":49}},"16":{"start":{"line":17,"column":0},"end":{"line":17,"column":14}},"17":{"start":{"line":18,"column":0},"end":{"line":18,"column":38}}},"s":{"0":1,"1":1,"2":1,"3":1,"4":1,"5":1,"6":1,"7":1,"8":1,"9":1,"10":1,"11":1,"12":1,"13":1,"14":1,"15":1,"16":1,"17":1},"branchMap":{},"b":{},"fnMap":{"0":{"name":"parse","decl":{"start":{"line":12,"column":21},"end":{"line":12,"column":53}},"loc":{"start":{"line":12,"column":21},"end":{"line":12,"column":53}},"line":12},"1":{"name":"parseInsertable","decl":{"start":{"line":14,"column":31},"end":{"line":14,"column":67}},"loc":{"start":{"line":14,"column":31},"end":{"line":14,"column":67}},"line":14}},"f":{"0":0,"1":0}}
,"/mnt/c/Users/stani/OneDrive/Desktop/Turing College/Module 3/Sprint 2/Part-5/Discord-Bot-REST-API/src/modules/users/tests/utils.ts": {"path":"/mnt/c/Users/stani/OneDrive/Desktop/Turing College/Module 3/Sprint 2/Part-5/Discord-Bot-REST-API/src/modules/users/tests/utils.ts","all":false,"statementMap":{"0":{"start":{"line":1,"column":0},"end":{"line":1,"column":41}},"1":{"start":{"line":2,"column":0},"end":{"line":2,"column":40}},"2":{"start":{"line":3,"column":0},"end":{"line":3,"column":0}},"3":{"start":{"line":4,"column":0},"end":{"line":4,"column":29}},"4":{"start":{"line":5,"column":0},"end":{"line":5,"column":44}},"5":{"start":{"line":6,"column":0},"end":{"line":6,"column":26}},"6":{"start":{"line":7,"column":0},"end":{"line":7,"column":8}},"7":{"start":{"line":8,"column":0},"end":{"line":8,"column":22}},"8":{"start":{"line":9,"column":0},"end":{"line":9,"column":3}},"9":{"start":{"line":10,"column":0},"end":{"line":10,"column":0}},"10":{"start":{"line":11,"column":0},"end":{"line":11,"column":78}},"11":{"start":{"line":12,"column":0},"end":{"line":12,"column":8}},"12":{"start":{"line":13,"column":0},"end":{"line":13,"column":15}},"13":{"start":{"line":14,"column":0},"end":{"line":14,"column":29}},"14":{"start":{"line":15,"column":0},"end":{"line":15,"column":3}}},"s":{"0":1,"1":1,"2":1,"3":1,"4":6,"5":6,"6":6,"7":6,"8":6,"9":1,"10":1,"11":0,"12":0,"13":0,"14":0},"branchMap":{"0":{"type":"branch","line":4,"loc":{"start":{"line":4,"column":28},"end":{"line":9,"column":3}},"locations":[{"start":{"line":4,"column":28},"end":{"line":9,"column":3}}]}},"b":{"0":[6]},"fnMap":{"0":{"name":"usersFactory","decl":{"start":{"line":4,"column":28},"end":{"line":9,"column":3}},"loc":{"start":{"line":4,"column":28},"end":{"line":9,"column":3}},"line":4},"1":{"name":"usersMatcher","decl":{"start":{"line":11,"column":28},"end":{"line":15,"column":3}},"loc":{"start":{"line":11,"column":28},"end":{"line":15,"column":3}},"line":11}},"f":{"0":6,"1":0}}
,"/mnt/c/Users/stani/OneDrive/Desktop/Turing College/Module 3/Sprint 2/Part-5/Discord-Bot-REST-API/src/utils/middleware.ts": {"path":"/mnt/c/Users/stani/OneDrive/Desktop/Turing College/Module 3/Sprint 2/Part-5/Discord-Bot-REST-API/src/utils/middleware.ts","all":false,"statementMap":{"0":{"start":{"line":1,"column":0},"end":{"line":1,"column":8}},"1":{"start":{"line":2,"column":0},"end":{"line":2,"column":16}},"2":{"start":{"line":3,"column":0},"end":{"line":3,"column":15}},"3":{"start":{"line":4,"column":0},"end":{"line":4,"column":20}},"4":{"start":{"line":5,"column":0},"end":{"line":5,"column":22}},"5":{"start":{"line":6,"column":0},"end":{"line":6,"column":17}},"6":{"start":{"line":7,"column":0},"end":{"line":7,"column":48}},"7":{"start":{"line":8,"column":0},"end":{"line":8,"column":0}},"8":{"start":{"line":9,"column":0},"end":{"line":9,"column":23}},"9":{"start":{"line":10,"column":0},"end":{"line":10,"column":15}},"10":{"start":{"line":11,"column":0},"end":{"line":11,"column":16}},"11":{"start":{"line":12,"column":0},"end":{"line":12,"column":20}},"12":{"start":{"line":13,"column":0},"end":{"line":13,"column":16}},"13":{"start":{"line":14,"column":0},"end":{"line":14,"column":0}},"14":{"start":{"line":15,"column":0},"end":{"line":15,"column":3}},"15":{"start":{"line":16,"column":0},"end":{"line":16,"column":53}},"16":{"start":{"line":17,"column":0},"end":{"line":17,"column":42}},"17":{"start":{"line":18,"column":0},"end":{"line":18,"column":69}},"18":{"start":{"line":19,"column":0},"end":{"line":19,"column":58}},"19":{"start":{"line":20,"column":0},"end":{"line":20,"column":3}},"20":{"start":{"line":21,"column":0},"end":{"line":21,"column":29}},"21":{"start":{"line":22,"column":0},"end":{"line":22,"column":26}},"22":{"start":{"line":23,"column":0},"end":{"line":23,"column":29}},"23":{"start":{"line":24,"column":0},"end":{"line":24,"column":19}},"24":{"start":{"line":25,"column":0},"end":{"line":25,"column":36}},"25":{"start":{"line":26,"column":0},"end":{"line":26,"column":9}},"26":{"start":{"line":27,"column":0},"end":{"line":27,"column":51}},"27":{"start":{"line":28,"column":0},"end":{"line":28,"column":29}},"28":{"start":{"line":29,"column":0},"end":{"line":29,"column":28}},"29":{"start":{"line":30,"column":0},"end":{"line":30,"column":21}},"30":{"start":{"line":31,"column":0},"end":{"line":31,"column":18}},"31":{"start":{"line":32,"column":0},"end":{"line":32,"column":5}},"32":{"start":{"line":33,"column":0},"end":{"line":33,"column":4}},"33":{"start":{"line":34,"column":0},"end":{"line":34,"column":1}}},"s":{"0":1,"1":1,"2":1,"3":1,"4":1,"5":1,"6":1,"7":1,"8":1,"9":1,"10":1,"11":1,"12":1,"13":1,"14":1,"15":1,"16":1,"17":1,"18":1,"19":1,"20":1,"21":45,"22":45,"23":45,"24":45,"25":15,"26":15,"27":15,"28":15,"29":15,"30":12,"31":12,"32":15,"33":45},"branchMap":{"0":{"type":"branch","line":21,"loc":{"start":{"line":21,"column":7},"end":{"line":34,"column":1}},"locations":[{"start":{"line":21,"column":7},"end":{"line":34,"column":1}}]},"1":{"type":"branch","line":25,"loc":{"start":{"line":25,"column":9},"end":{"line":33,"column":4}},"locations":[{"start":{"line":25,"column":9},"end":{"line":33,"column":4}}]},"2":{"type":"branch","line":30,"loc":{"start":{"line":30,"column":4},"end":{"line":32,"column":5}},"locations":[{"start":{"line":30,"column":4},"end":{"line":32,"column":5}}]}},"b":{"0":[45],"1":[15],"2":[12]},"fnMap":{"0":{"name":"jsonRoute","decl":{"start":{"line":21,"column":7},"end":{"line":34,"column":1}},"loc":{"start":{"line":21,"column":7},"end":{"line":34,"column":1}},"line":21}},"f":{"0":45}}
}
